\BOOKMARK [0][-]{chapter.1}{\376\377\000R\000e\000p\000a\000s\000o\000\040\000E\000x\000p\000r\000e\000s\000s}{}% 1
\BOOKMARK [1][-]{section.1.1}{\376\377\000T\000o\000m\000a\000n\000d\000o\000\040\000l\000o\000s\000\040\000R\000e\000q\000u\000e\000r\000i\000m\000i\000e\000n\000t\000o\000s\000\040\000d\000e\000\040\000l\000a\000\040\000P\000u\000e\000r\000t\000a\000P\000e\000r\000r\000u\000n\000a}{chapter.1}% 2
\BOOKMARK [2][-]{subsection.1.1.1}{\376\377\000R\000e\000q\000u\000i\000s\000i\000t\000o\000s\000\040\000F\000u\000n\000c\000i\000o\000n\000a\000l\000e\000s}{section.1.1}% 3
\BOOKMARK [2][-]{subsection.1.1.2}{\376\377\000H\000e\000r\000r\000a\000m\000i\000e\000n\000t\000a\000s\000\040\000U\000t\000i\000l\000i\000z\000a\000d\000a\000s}{section.1.1}% 4
\BOOKMARK [2][-]{subsection.1.1.3}{\376\377\000C\000a\000s\000o\000s\000\040\000d\000e\000\040\000U\000s\000o}{section.1.1}% 5
\BOOKMARK [2][-]{subsection.1.1.4}{\376\377\000D\000i\000a\000g\000r\000a\000m\000a\000s\000\040\000d\000e\000\040\000S\000e\000c\000u\000e\000n\000c\000i\000a\000\040\000y\000\040\000D\000o\000m\000i\000n\000i\000o}{section.1.1}% 6
\BOOKMARK [2][-]{subsection.1.1.5}{\376\377\000D\000i\000a\000g\000r\000a\000m\000a\000\040\000d\000e\000\040\000E\000s\000t\000a\000d\000o\000s}{section.1.1}% 7
\BOOKMARK [0][-]{chapter.2}{\376\377\000I\000n\000t\000r\000o\000d\000u\000c\000c\000i\000\363\000n}{}% 8
\BOOKMARK [1][-]{section.2.1}{\376\377\000L\000a\000\040\000I\000m\000p\000o\000r\000t\000a\000n\000c\000i\000a\000\040\000d\000e\000\040\000l\000a\000\040\000A\000r\000q\000u\000i\000t\000e\000c\000t\000u\000r\000a\000\040\000d\000e\000\040\000S\000i\000s\000t\000e\000m\000a\000s}{chapter.2}% 9
\BOOKMARK [1][-]{section.2.2}{\376\377\000F\000u\000n\000d\000a\000m\000e\000n\000t\000o\000s\000\040\000d\000e\000\040\000A\000r\000q\000u\000i\000t\000e\000c\000t\000u\000r\000a\000\040\000d\000e\000\040\000S\000i\000s\000t\000e\000m\000a\000s}{chapter.2}% 10
\BOOKMARK [1][-]{section.2.3}{\376\377\000R\000o\000l\000e\000s\000\040\000e\000n\000\040\000l\000a\000\040\000A\000r\000q\000u\000i\000t\000e\000c\000t\000u\000r\000a}{chapter.2}% 11
\BOOKMARK [2][-]{subsection.2.3.1}{\376\377\000E\000l\000\040\000A\000r\000q\000u\000i\000t\000e\000c\000t\000o\000\040\000E\000m\000p\000r\000e\000s\000a\000r\000i\000a\000l}{section.2.3}% 12
\BOOKMARK [2][-]{subsection.2.3.2}{\376\377\000E\000l\000\040\000A\000r\000q\000u\000i\000t\000e\000c\000t\000o\000\040\000d\000e\000\040\000A\000p\000l\000i\000c\000a\000c\000i\000o\000n\000e\000s}{section.2.3}% 13
\BOOKMARK [1][-]{section.2.4}{\376\377\000L\000a\000\040\000I\000m\000p\000o\000r\000t\000a\000n\000c\000i\000a\000\040\000d\000e\000\040\000l\000a\000\040\000E\000s\000t\000a\000n\000d\000a\000r\000i\000z\000a\000c\000i\000\363\000n}{chapter.2}% 14
\BOOKMARK [1][-]{section.2.5}{\376\377\000A\000r\000q\000u\000i\000t\000e\000c\000t\000u\000r\000a\000\040\000e\000n\000\040\000e\000l\000\040\000C\000o\000n\000t\000e\000x\000t\000o\000\040\000\301\000g\000i\000l}{chapter.2}% 15
\BOOKMARK [1][-]{section.2.6}{\376\377\000A\000r\000q\000u\000i\000t\000e\000c\000t\000u\000r\000a\000\040\000S\000u\000f\000i\000c\000i\000e\000n\000t\000e}{chapter.2}% 16
\BOOKMARK [1][-]{section.2.7}{\376\377\000D\000e\000l\000\040\000D\000e\000s\000a\000r\000r\000o\000l\000l\000o\000\040\000I\000n\000d\000i\000v\000i\000d\000u\000a\000l\000\040\000a\000\040\000l\000a\000\040\000I\000n\000g\000e\000n\000i\000e\000r\000\355\000a\000\040\000d\000e\000\040\000S\000o\000f\000t\000w\000a\000r\000e\000\040\000a\000\040\000G\000r\000a\000n\000\040\000E\000s\000c\000a\000l\000a}{chapter.2}% 17
\BOOKMARK [1][-]{section.2.8}{\376\377\000D\000e\000s\000a\000f\000\355\000o\000s\000\040\000A\000c\000t\000u\000a\000l\000e\000s\000\040\000y\000\040\000F\000u\000t\000u\000r\000o\000s}{chapter.2}% 18
\BOOKMARK [0][-]{chapter.3}{\376\377\000A\000r\000q\000u\000i\000t\000e\000c\000t\000u\000r\000a\000\040\000E\000m\000p\000r\000e\000s\000a\000r\000i\000a\000l}{}% 19
\BOOKMARK [1][-]{section.3.1}{\376\377\000F\000u\000n\000d\000a\000m\000e\000n\000t\000o\000s\000\040\000d\000e\000\040\000A\000r\000q\000u\000i\000t\000e\000c\000t\000u\000r\000a\000\040\000E\000m\000p\000r\000e\000s\000a\000r\000i\000a\000l}{chapter.3}% 20
\BOOKMARK [2][-]{subsection.3.1.1}{\376\377\000D\000e\000f\000i\000n\000i\000c\000i\000\363\000n\000\040\000y\000\040\000P\000r\000o\000p\000\363\000s\000i\000t\000o}{section.3.1}% 21
\BOOKMARK [2][-]{subsection.3.1.2}{\376\377\000B\000e\000n\000e\000f\000i\000c\000i\000o\000s\000\040\000d\000e\000\040\000l\000a\000\040\000A\000r\000q\000u\000i\000t\000e\000c\000t\000u\000r\000a\000\040\000E\000m\000p\000r\000e\000s\000a\000r\000i\000a\000l}{section.3.1}% 22
\BOOKMARK [1][-]{section.3.2}{\376\377\000M\000o\000d\000e\000l\000a\000d\000o\000\040\000c\000o\000n\000\040\000A\000r\000c\000h\000i\000M\000a\000t\000e}{chapter.3}% 23
\BOOKMARK [2][-]{subsection.3.2.1}{\376\377\000E\000l\000e\000m\000e\000n\000t\000o\000s\000\040\000B\000\341\000s\000i\000c\000o\000s\000\040\000d\000e\000\040\000A\000r\000c\000h\000i\000M\000a\000t\000e}{section.3.2}% 24
\BOOKMARK [2][-]{subsection.3.2.2}{\376\377\000V\000i\000s\000t\000a\000s\000\040\000y\000\040\000V\000i\000e\000w\000p\000o\000i\000n\000t\000s}{section.3.2}% 25
\BOOKMARK [1][-]{section.3.3}{\376\377\000E\000v\000a\000l\000u\000a\000c\000i\000\363\000n\000\040\000d\000e\000\040\000A\000r\000q\000u\000i\000t\000e\000c\000t\000u\000r\000a\000s\000\040\000E\000m\000p\000r\000e\000s\000a\000r\000i\000a\000l\000e\000s}{chapter.3}% 26
\BOOKMARK [2][-]{subsection.3.3.1}{\376\377\000C\000r\000i\000t\000e\000r\000i\000o\000s\000\040\000d\000e\000\040\000E\000v\000a\000l\000u\000a\000c\000i\000\363\000n}{section.3.3}% 27
\BOOKMARK [2][-]{subsection.3.3.2}{\376\377\000M\000\351\000t\000r\000i\000c\000a\000s\000\040\000d\000e\000\040\000E\000v\000a\000l\000u\000a\000c\000i\000\363\000n}{section.3.3}% 28
\BOOKMARK [1][-]{section.3.4}{\376\377\000C\000a\000s\000o\000\040\000P\000r\000\341\000c\000t\000i\000c\000o\000:\000\040\000A\000r\000c\000h\000i\000s\000u\000r\000a\000n\000c\000e}{chapter.3}% 29
\BOOKMARK [2][-]{subsection.3.4.1}{\376\377\000D\000e\000s\000a\000r\000r\000o\000l\000l\000o\000\040\000d\000e\000l\000\040\000C\000a\000s\000o\000\040\000c\000o\000n\000\040\000A\000r\000c\000h\000i}{section.3.4}% 30
\BOOKMARK [1][-]{section.3.5}{\376\377\000M\000a\000r\000c\000o\000\040\000d\000e\000\040\000R\000e\000f\000e\000r\000e\000n\000c\000i\000a\000\040\000T\000O\000G\000A\000F}{chapter.3}% 31
\BOOKMARK [2][-]{subsection.3.5.1}{\376\377\000I\000n\000t\000r\000o\000d\000u\000c\000c\000i\000\363\000n\000\040\000a\000\040\000T\000O\000G\000A\000F}{section.3.5}% 32
\BOOKMARK [2][-]{subsection.3.5.2}{\376\377\000D\000o\000m\000i\000n\000i\000o\000s\000\040\000d\000e\000\040\000l\000a\000\040\000A\000r\000q\000u\000i\000t\000e\000c\000t\000u\000r\000a\000\040\000E\000m\000p\000r\000e\000s\000a\000r\000i\000a\000l}{section.3.5}% 33
\BOOKMARK [1][-]{section.3.6}{\376\377\000M\000\351\000t\000o\000d\000o\000\040\000d\000e\000\040\000D\000e\000s\000a\000r\000r\000o\000l\000l\000o\000\040\000d\000e\000\040\000A\000r\000q\000u\000i\000t\000e\000c\000t\000u\000r\000a\000\040\000\050\000A\000D\000M\000\051}{chapter.3}% 34
\BOOKMARK [2][-]{subsection.3.6.1}{\376\377\000F\000a\000s\000e\000s\000\040\000d\000e\000l\000\040\000A\000D\000M}{section.3.6}% 35
\BOOKMARK [2][-]{subsection.3.6.2}{\376\377\000C\000o\000m\000p\000o\000n\000e\000n\000t\000e\000s\000\040\000C\000l\000a\000v\000e\000\040\000d\000e\000l\000\040\000A\000D\000M}{section.3.6}% 36
\BOOKMARK [2][-]{subsection.3.6.3}{\376\377\000A\000p\000l\000i\000c\000a\000c\000i\000\363\000n\000\040\000d\000e\000l\000\040\000A\000D\000M\000:\000\040\000C\000a\000s\000o\000\040\000D\000A\000R\000T\000-\000M\000I\000N\000S\000A\000L}{section.3.6}% 37
\BOOKMARK [1][-]{section.3.7}{\376\377\000R\000e\000c\000u\000r\000s\000o\000s\000\040\000y\000\040\000R\000e\000f\000e\000r\000e\000n\000c\000i\000a\000s}{chapter.3}% 38
\BOOKMARK [0][-]{chapter.4}{\376\377\000A\000r\000q\000u\000i\000t\000e\000c\000t\000u\000r\000a\000\040\000d\000e\000\040\000S\000o\000f\000t\000w\000a\000r\000e}{}% 39
\BOOKMARK [1][-]{section.4.1}{\376\377\000F\000u\000n\000d\000a\000m\000e\000n\000t\000o\000s\000\040\000d\000e\000l\000\040\000D\000i\000s\000e\000\361\000o\000\040\000A\000r\000q\000u\000i\000t\000e\000c\000t\000\363\000n\000i\000c\000o}{chapter.4}% 40
\BOOKMARK [2][-]{subsection.4.1.1}{\376\377\000L\000a\000\040\000N\000e\000c\000e\000s\000i\000d\000a\000d\000\040\000d\000e\000\040\000u\000n\000\040\000M\000\351\000t\000o\000d\000o\000\040\000S\000i\000s\000t\000e\000m\000\341\000t\000i\000c\000o}{section.4.1}% 41
\BOOKMARK [2][-]{subsection.4.1.2}{\376\377\000I\000m\000p\000o\000r\000t\000a\000n\000c\000i\000a\000\040\000d\000e\000l\000\040\000D\000i\000s\000e\000\361\000o\000\040\000A\000r\000q\000u\000i\000t\000e\000c\000t\000\363\000n\000i\000c\000o}{section.4.1}% 42
\BOOKMARK [2][-]{subsection.4.1.3}{\376\377\000C\000a\000r\000a\000c\000t\000e\000r\000\355\000s\000t\000i\000c\000a\000s\000\040\000d\000e\000\040\000C\000a\000l\000i\000d\000a\000d\000\040\000s\000e\000g\000\372\000n\000\040\000I\000S\000O\000/\000I\000E\000C\000\040\0009\0001\0002\0006\000\040\000y\000\040\000e\000l\000\040\000M\000o\000d\000e\000l\000o\000\040\000d\000e\000\040\000M\000c\000C\000a\000l\000l}{section.4.1}% 43
\BOOKMARK [1][-]{section.4.2}{\376\377\000C\000o\000n\000c\000e\000p\000t\000o\000s\000\040\000d\000e\000\040\000D\000i\000s\000e\000\361\000o\000\040\000y\000\040\000D\000r\000i\000v\000e\000r\000s\000\040\000A\000r\000q\000u\000i\000t\000e\000c\000t\000\363\000n\000i\000c\000o\000s}{chapter.4}% 44
\BOOKMARK [2][-]{subsection.4.2.1}{\376\377\000E\000l\000\040\000P\000r\000o\000c\000e\000s\000o\000\040\000d\000e\000\040\000D\000i\000s\000e\000\361\000o\000\040\000A\000r\000q\000u\000i\000t\000e\000c\000t\000\363\000n\000i\000c\000o}{section.4.2}% 45
\BOOKMARK [2][-]{subsection.4.2.2}{\376\377\000C\000a\000s\000o\000\040\000d\000e\000\040\000E\000s\000t\000u\000d\000i\000o\000:\000\040\000H\000o\000s\000p\000i\000t\000a\000l\000\040\000R\000u\000r\000a\000l\000\040\000I\000n\000t\000e\000g\000r\000a\000d\000o\000\040\000a\000\040\000l\000a\000\040\000F\000i\000c\000h\000a\000\040\000C\000l\000\355\000n\000i\000c\000a\000\040\000N\000a\000c\000i\000o\000n\000a\000l}{section.4.2}% 46
\BOOKMARK [1][-]{section.4.3}{\376\377\000E\000l\000\040\000M\000o\000d\000e\000l\000o\000\040\000C\0004\000\040\000p\000a\000r\000a\000\040\000V\000i\000s\000u\000a\000l\000i\000z\000a\000r\000\040\000l\000a\000\040\000A\000r\000q\000u\000i\000t\000e\000c\000t\000u\000r\000a\000\040\000d\000e\000\040\000S\000o\000f\000t\000w\000a\000r\000e}{chapter.4}% 47
\BOOKMARK [2][-]{subsection.4.3.1}{\376\377\000H\000i\000s\000t\000o\000r\000i\000a\000\040\000y\000\040\000E\000v\000o\000l\000u\000c\000i\000\363\000n\000\040\000d\000e\000l\000\040\000M\000o\000d\000e\000l\000o\000\040\000C\0004}{section.4.3}% 48
\BOOKMARK [2][-]{subsection.4.3.2}{\376\377\000A\000b\000s\000t\000r\000a\000c\000c\000i\000o\000n\000e\000s\000\040\000d\000e\000l\000\040\000M\000o\000d\000e\000l\000o\000\040\000C\0004}{section.4.3}% 49
\BOOKMARK [2][-]{subsection.4.3.3}{\376\377\000D\000i\000a\000g\000r\000a\000m\000a\000s\000\040\000d\000e\000l\000\040\000M\000o\000d\000e\000l\000o\000\040\000C\0004}{section.4.3}% 50
\BOOKMARK [2][-]{subsection.4.3.4}{\376\377\000B\000e\000n\000e\000f\000i\000c\000i\000o\000s\000\040\000y\000\040\000D\000e\000b\000i\000l\000i\000d\000a\000d\000e\000s\000\040\000d\000e\000l\000\040\000M\000o\000d\000e\000l\000o\000\040\000C\0004}{section.4.3}% 51
\BOOKMARK [2][-]{subsection.4.3.5}{\376\377\000M\000\351\000t\000o\000d\000o\000\040\000p\000a\000r\000a\000\040\000C\000o\000n\000s\000t\000r\000u\000i\000r\000\040\000l\000a\000\040\000A\000r\000q\000u\000i\000t\000e\000c\000t\000u\000r\000a\000\040\000d\000e\000l\000\040\000H\000o\000s\000p\000i\000t\000a\000l\000\040\000c\000o\000n\000\040\000D\000A\000R\000T\000\040\000u\000s\000a\000n\000d\000o\000\040\000e\000l\000\040\000M\000o\000d\000e\000l\000o\000\040\000C\0004}{section.4.3}% 52
\BOOKMARK [1][-]{section.4.4}{\376\377\000R\000e\000f\000e\000r\000e\000n\000c\000i\000a\000s}{chapter.4}% 53
\BOOKMARK [0][-]{chapter.5}{\376\377\000P\000a\000t\000r\000o\000n\000e\000s\000\040\000d\000e\000\040\000D\000i\000s\000e\000\361\000o\000\040\000d\000e\000\040\000S\000o\000f\000t\000w\000a\000r\000e}{}% 54
\BOOKMARK [1][-]{section.5.1}{\376\377\000C\000a\000s\000o\000\040\000d\000e\000\040\000E\000s\000t\000u\000d\000i\000o}{chapter.5}% 55
\BOOKMARK [1][-]{section.5.2}{\376\377\000I\000m\000p\000l\000e\000m\000e\000n\000t\000a\000c\000i\000\363\000n\000\040\000d\000e\000l\000\040\000P\000r\000o\000y\000e\000c\000t\000o\000\040\000P\000u\000e\000r\000t\000a\000P\000e\000r\000r\000u\000n\000a}{chapter.5}% 56
\BOOKMARK [2][-]{subsection.5.2.1}{\376\377\000E\000s\000t\000r\000u\000c\000t\000u\000r\000a\000\040\000d\000e\000l\000\040\000P\000r\000o\000y\000e\000c\000t\000o}{section.5.2}% 57
\BOOKMARK [2][-]{subsection.5.2.2}{\376\377\000R\000e\000l\000a\000c\000i\000\363\000n\000\040\000c\000o\000n\000\040\000l\000o\000s\000\040\000R\000e\000q\000u\000i\000s\000i\000t\000o\000s}{section.5.2}% 58
\BOOKMARK [2][-]{subsection.5.2.3}{\376\377\000D\000i\000s\000c\000u\000s\000i\000\363\000n\000\040\000s\000o\000b\000r\000e\000\040\000l\000a\000\040\000I\000m\000p\000l\000e\000m\000e\000n\000t\000a\000c\000i\000\363\000n}{section.5.2}% 59
\BOOKMARK [1][-]{section.5.3}{\376\377\000B\000u\000e\000n\000a\000s\000\040\000P\000r\000\341\000c\000t\000i\000c\000a\000s\000\040\000d\000e\000\040\000D\000i\000s\000e\000\361\000o}{chapter.5}% 60
\BOOKMARK [2][-]{subsection.5.3.1}{\376\377\000D\000e\000s\000a\000f\000\355\000o\000s\000\040\000p\000a\000r\000a\000\040\000l\000o\000s\000\040\000E\000s\000t\000u\000d\000i\000a\000n\000t\000e\000s}{section.5.3}% 61
\BOOKMARK [1][-]{section.5.4}{\376\377\000P\000a\000t\000r\000o\000n\000e\000s\000\040\000d\000e\000\040\000D\000i\000s\000e\000\361\000o}{chapter.5}% 62
\BOOKMARK [2][-]{subsection.5.4.1}{\376\377\000P\000a\000t\000r\000\363\000n\000\040\000M\000o\000d\000e\000l\000-\000V\000i\000e\000w\000-\000C\000o\000n\000t\000r\000o\000l\000l\000e\000r\000\040\000\050\000M\000V\000C\000\051}{section.5.4}% 63
\BOOKMARK [2][-]{subsection.5.4.2}{\376\377\000P\000a\000t\000r\000\363\000n\000\040\000P\000r\000o\000x\000y}{section.5.4}% 64
\BOOKMARK [2][-]{subsection.5.4.3}{\376\377\000P\000a\000t\000r\000\363\000n\000\040\000W\000r\000a\000p\000p\000e\000r\000\040\000\050\000A\000d\000a\000p\000t\000e\000r\000\051}{section.5.4}% 65
\BOOKMARK [2][-]{subsection.5.4.4}{\376\377\000P\000a\000t\000r\000\363\000n\000\040\000C\000a\000c\000h\000i\000n\000g}{section.5.4}% 66
\BOOKMARK [2][-]{subsection.5.4.5}{\376\377\000E\000j\000e\000r\000c\000i\000c\000i\000o\000s\000\040\000d\000e\000\040\000R\000e\000v\000i\000s\000i\000\363\000n}{section.5.4}% 67
\BOOKMARK [1][-]{section.5.5}{\376\377\000A\000n\000\341\000l\000i\000s\000i\000s\000\040\000d\000e\000\040\000P\000a\000t\000r\000o\000n\000e\000s\000\040\000d\000e\000\040\000D\000i\000s\000e\000\361\000o\000\040\000y\000\040\000P\000r\000i\000n\000c\000i\000p\000i\000o\000s\000\040\000S\000O\000L\000I\000D\000\040\000e\000n\000\040\000P\000u\000e\000r\000t\000a\000P\000e\000r\000r\000u\000n\000a}{chapter.5}% 68
\BOOKMARK [2][-]{subsection.5.5.1}{\376\377\000A\000p\000l\000i\000c\000a\000c\000i\000\363\000n\000\040\000d\000e\000\040\000P\000r\000i\000n\000c\000i\000p\000i\000o\000s\000\040\000S\000O\000L\000I\000D}{section.5.5}% 69
