This is pdfTeX, Version 3.141592653-2.6-1.40.26 (TeX Live 2024) (preloaded format=pdflatex 2025.3.3)  4 APR 2025 15:22
entering extended mode
 restricted \write18 enabled.
 %&-line parsing enabled.
**ApunteArquitecturaSistemas2025.tex
(./ApunteArquitecturaSistemas2025.tex
LaTeX2e <2023-11-01> patch level 1
L3 programming layer <2024-02-20>
(/usr/local/texlive/2024/texmf-dist/tex/latex/base/book.cls
Document Class: book 2023/05/17 v1.4n Standard LaTeX document class
(/usr/local/texlive/2024/texmf-dist/tex/latex/base/fleqn.clo
File: fleqn.clo 2016/12/29 v1.2b Standard LaTeX option (flush left equations)
\mathindent=\skip48
Applying: [2015/01/01] Make \[ robust on input line 50.
LaTeX Info: Redefining \[ on input line 51.
Already applied: [0000/00/00] Make \[ robust on input line 62.
Applying: [2015/01/01] Make \] robust on input line 74.
LaTeX Info: Redefining \] on input line 75.
Already applied: [0000/00/00] Make \] robust on input line 83.
)
(/usr/local/texlive/2024/texmf-dist/tex/latex/base/bk11.clo
File: bk11.clo 2023/05/17 v1.4n Standard LaTeX file (size option)
)
\c@part=\count188
\c@chapter=\count189
\c@section=\count190
\c@subsection=\count191
\c@subsubsection=\count192
\c@paragraph=\count193
\c@subparagraph=\count194
\c@figure=\count195
\c@table=\count196
\abovecaptionskip=\skip49
\belowcaptionskip=\skip50
\bibindent=\dimen140
)
(/usr/local/texlive/2024/texmf-dist/tex/latex/wrapfig/wrapfig.sty
\wrapoverhang=\dimen141
\WF@size=\dimen142
\c@WF@wrappedlines=\count197
\WF@box=\box51
\WF@everypar=\toks17
Package: wrapfig 2003/01/31  v 3.6
)
(/usr/local/texlive/2024/texmf-dist/tex/latex/todonotes/todonotes.sty
Package: todonotes 2024/01/05 v1.1.7 Todonotes source and documentation.
Package: todonotes 2024/01/05

(/usr/local/texlive/2024/texmf-dist/tex/latex/base/ifthen.sty
Package: ifthen 2022/04/13 v1.1d Standard LaTeX ifthen package (DPC)
)
(/usr/local/texlive/2024/texmf-dist/tex/latex/xkeyval/xkeyval.sty
Package: xkeyval 2022/06/16 v2.9 package option processing (HA)

(/usr/local/texlive/2024/texmf-dist/tex/generic/xkeyval/xkeyval.tex
(/usr/local/texlive/2024/texmf-dist/tex/generic/xkeyval/xkvutils.tex
\XKV@toks=\toks18
\XKV@tempa@toks=\toks19

(/usr/local/texlive/2024/texmf-dist/tex/generic/xkeyval/keyval.tex))
\XKV@depth=\count198
File: xkeyval.tex 2014/12/03 v2.7a key=value parser (HA)
))
(/usr/local/texlive/2024/texmf-dist/tex/latex/xcolor/xcolor.sty
Package: xcolor 2023/11/15 v3.01 LaTeX color extensions (UK)

(/usr/local/texlive/2024/texmf-dist/tex/latex/graphics-cfg/color.cfg
File: color.cfg 2016/01/02 v1.6 sample color configuration
)
Package xcolor Info: Driver file: pdftex.def on input line 274.

(/usr/local/texlive/2024/texmf-dist/tex/latex/graphics-def/pdftex.def
File: pdftex.def 2022/09/22 v1.2b Graphics/color driver for pdftex
)
(/usr/local/texlive/2024/texmf-dist/tex/latex/graphics/mathcolor.ltx)
Package xcolor Info: Model `cmy' substituted by `cmy0' on input line 1350.
Package xcolor Info: Model `hsb' substituted by `rgb' on input line 1354.
Package xcolor Info: Model `RGB' extended on input line 1366.
Package xcolor Info: Model `HTML' substituted by `rgb' on input line 1368.
Package xcolor Info: Model `Hsb' substituted by `hsb' on input line 1369.
Package xcolor Info: Model `tHsb' substituted by `hsb' on input line 1370.
Package xcolor Info: Model `HSB' substituted by `hsb' on input line 1371.
Package xcolor Info: Model `Gray' substituted by `gray' on input line 1372.
Package xcolor Info: Model `wave' substituted by `hsb' on input line 1373.
)
(/usr/local/texlive/2024/texmf-dist/tex/latex/pgf/frontendlayer/tikz.sty
(/usr/local/texlive/2024/texmf-dist/tex/latex/pgf/basiclayer/pgf.sty
(/usr/local/texlive/2024/texmf-dist/tex/latex/pgf/utilities/pgfrcs.sty
(/usr/local/texlive/2024/texmf-dist/tex/generic/pgf/utilities/pgfutil-common.te
x
\pgfutil@everybye=\toks20
\pgfutil@tempdima=\dimen143
\pgfutil@tempdimb=\dimen144
)
(/usr/local/texlive/2024/texmf-dist/tex/generic/pgf/utilities/pgfutil-latex.def
\pgfutil@abb=\box52
) (/usr/local/texlive/2024/texmf-dist/tex/generic/pgf/utilities/pgfrcs.code.tex
(/usr/local/texlive/2024/texmf-dist/tex/generic/pgf/pgf.revision.tex)
Package: pgfrcs 2023-01-15 v3.1.10 (3.1.10)
))
Package: pgf 2023-01-15 v3.1.10 (3.1.10)

(/usr/local/texlive/2024/texmf-dist/tex/latex/pgf/basiclayer/pgfcore.sty
(/usr/local/texlive/2024/texmf-dist/tex/latex/graphics/graphicx.sty
Package: graphicx 2021/09/16 v1.2d Enhanced LaTeX Graphics (DPC,SPQR)

(/usr/local/texlive/2024/texmf-dist/tex/latex/graphics/graphics.sty
Package: graphics 2022/03/10 v1.4e Standard LaTeX Graphics (DPC,SPQR)

(/usr/local/texlive/2024/texmf-dist/tex/latex/graphics/trig.sty
Package: trig 2021/08/11 v1.11 sin cos tan (DPC)
)
(/usr/local/texlive/2024/texmf-dist/tex/latex/graphics-cfg/graphics.cfg
File: graphics.cfg 2016/06/04 v1.11 sample graphics configuration
)
Package graphics Info: Driver file: pdftex.def on input line 107.
)
\Gin@req@height=\dimen145
\Gin@req@width=\dimen146
)
(/usr/local/texlive/2024/texmf-dist/tex/latex/pgf/systemlayer/pgfsys.sty
(/usr/local/texlive/2024/texmf-dist/tex/generic/pgf/systemlayer/pgfsys.code.tex
Package: pgfsys 2023-01-15 v3.1.10 (3.1.10)
(/usr/local/texlive/2024/texmf-dist/tex/generic/pgf/utilities/pgfkeys.code.tex
\pgfkeys@pathtoks=\toks21
\pgfkeys@temptoks=\toks22

(/usr/local/texlive/2024/texmf-dist/tex/generic/pgf/utilities/pgfkeyslibraryfil
tered.code.tex
\pgfkeys@tmptoks=\toks23
))
\pgf@x=\dimen147
\pgf@y=\dimen148
\pgf@xa=\dimen149
\pgf@ya=\dimen150
\pgf@xb=\dimen151
\pgf@yb=\dimen152
\pgf@xc=\dimen153
\pgf@yc=\dimen154
\pgf@xd=\dimen155
\pgf@yd=\dimen156
\w@pgf@writea=\write3
\r@pgf@reada=\read2
\c@pgf@counta=\count199
\c@pgf@countb=\count266
\c@pgf@countc=\count267
\c@pgf@countd=\count268
\t@pgf@toka=\toks24
\t@pgf@tokb=\toks25
\t@pgf@tokc=\toks26
\pgf@sys@id@count=\count269

(/usr/local/texlive/2024/texmf-dist/tex/generic/pgf/systemlayer/pgf.cfg
File: pgf.cfg 2023-01-15 v3.1.10 (3.1.10)
)
Driver file for pgf: pgfsys-pdftex.def

(/usr/local/texlive/2024/texmf-dist/tex/generic/pgf/systemlayer/pgfsys-pdftex.d
ef
File: pgfsys-pdftex.def 2023-01-15 v3.1.10 (3.1.10)

(/usr/local/texlive/2024/texmf-dist/tex/generic/pgf/systemlayer/pgfsys-common-p
df.def
File: pgfsys-common-pdf.def 2023-01-15 v3.1.10 (3.1.10)
)))
(/usr/local/texlive/2024/texmf-dist/tex/generic/pgf/systemlayer/pgfsyssoftpath.
code.tex
File: pgfsyssoftpath.code.tex 2023-01-15 v3.1.10 (3.1.10)
\pgfsyssoftpath@smallbuffer@items=\count270
\pgfsyssoftpath@bigbuffer@items=\count271
)
(/usr/local/texlive/2024/texmf-dist/tex/generic/pgf/systemlayer/pgfsysprotocol.
code.tex
File: pgfsysprotocol.code.tex 2023-01-15 v3.1.10 (3.1.10)
))
(/usr/local/texlive/2024/texmf-dist/tex/generic/pgf/basiclayer/pgfcore.code.tex
Package: pgfcore 2023-01-15 v3.1.10 (3.1.10)
(/usr/local/texlive/2024/texmf-dist/tex/generic/pgf/math/pgfmath.code.tex
(/usr/local/texlive/2024/texmf-dist/tex/generic/pgf/math/pgfmathutil.code.tex)
(/usr/local/texlive/2024/texmf-dist/tex/generic/pgf/math/pgfmathparser.code.tex
\pgfmath@dimen=\dimen157
\pgfmath@count=\count272
\pgfmath@box=\box53
\pgfmath@toks=\toks27
\pgfmath@stack@operand=\toks28
\pgfmath@stack@operation=\toks29
)
(/usr/local/texlive/2024/texmf-dist/tex/generic/pgf/math/pgfmathfunctions.code.
tex)
(/usr/local/texlive/2024/texmf-dist/tex/generic/pgf/math/pgfmathfunctions.basic
.code.tex)
(/usr/local/texlive/2024/texmf-dist/tex/generic/pgf/math/pgfmathfunctions.trigo
nometric.code.tex)
(/usr/local/texlive/2024/texmf-dist/tex/generic/pgf/math/pgfmathfunctions.rando
m.code.tex)
(/usr/local/texlive/2024/texmf-dist/tex/generic/pgf/math/pgfmathfunctions.compa
rison.code.tex)
(/usr/local/texlive/2024/texmf-dist/tex/generic/pgf/math/pgfmathfunctions.base.
code.tex)
(/usr/local/texlive/2024/texmf-dist/tex/generic/pgf/math/pgfmathfunctions.round
.code.tex)
(/usr/local/texlive/2024/texmf-dist/tex/generic/pgf/math/pgfmathfunctions.misc.
code.tex)
(/usr/local/texlive/2024/texmf-dist/tex/generic/pgf/math/pgfmathfunctions.integ
erarithmetics.code.tex)
(/usr/local/texlive/2024/texmf-dist/tex/generic/pgf/math/pgfmathcalc.code.tex)
(/usr/local/texlive/2024/texmf-dist/tex/generic/pgf/math/pgfmathfloat.code.tex
\c@pgfmathroundto@lastzeros=\count273
)) (/usr/local/texlive/2024/texmf-dist/tex/generic/pgf/math/pgfint.code.tex)
(/usr/local/texlive/2024/texmf-dist/tex/generic/pgf/basiclayer/pgfcorepoints.co
de.tex
File: pgfcorepoints.code.tex 2023-01-15 v3.1.10 (3.1.10)
\pgf@picminx=\dimen158
\pgf@picmaxx=\dimen159
\pgf@picminy=\dimen160
\pgf@picmaxy=\dimen161
\pgf@pathminx=\dimen162
\pgf@pathmaxx=\dimen163
\pgf@pathminy=\dimen164
\pgf@pathmaxy=\dimen165
\pgf@xx=\dimen166
\pgf@xy=\dimen167
\pgf@yx=\dimen168
\pgf@yy=\dimen169
\pgf@zx=\dimen170
\pgf@zy=\dimen171
)
(/usr/local/texlive/2024/texmf-dist/tex/generic/pgf/basiclayer/pgfcorepathconst
ruct.code.tex
File: pgfcorepathconstruct.code.tex 2023-01-15 v3.1.10 (3.1.10)
\pgf@path@lastx=\dimen172
\pgf@path@lasty=\dimen173
)
(/usr/local/texlive/2024/texmf-dist/tex/generic/pgf/basiclayer/pgfcorepathusage
.code.tex
File: pgfcorepathusage.code.tex 2023-01-15 v3.1.10 (3.1.10)
\pgf@shorten@end@additional=\dimen174
\pgf@shorten@start@additional=\dimen175
)
(/usr/local/texlive/2024/texmf-dist/tex/generic/pgf/basiclayer/pgfcorescopes.co
de.tex
File: pgfcorescopes.code.tex 2023-01-15 v3.1.10 (3.1.10)
\pgfpic=\box54
\pgf@hbox=\box55
\pgf@layerbox@main=\box56
\pgf@picture@serial@count=\count274
)
(/usr/local/texlive/2024/texmf-dist/tex/generic/pgf/basiclayer/pgfcoregraphicst
ate.code.tex
File: pgfcoregraphicstate.code.tex 2023-01-15 v3.1.10 (3.1.10)
\pgflinewidth=\dimen176
)
(/usr/local/texlive/2024/texmf-dist/tex/generic/pgf/basiclayer/pgfcoretransform
ations.code.tex
File: pgfcoretransformations.code.tex 2023-01-15 v3.1.10 (3.1.10)
\pgf@pt@x=\dimen177
\pgf@pt@y=\dimen178
\pgf@pt@temp=\dimen179
)
(/usr/local/texlive/2024/texmf-dist/tex/generic/pgf/basiclayer/pgfcorequick.cod
e.tex
File: pgfcorequick.code.tex 2023-01-15 v3.1.10 (3.1.10)
)
(/usr/local/texlive/2024/texmf-dist/tex/generic/pgf/basiclayer/pgfcoreobjects.c
ode.tex
File: pgfcoreobjects.code.tex 2023-01-15 v3.1.10 (3.1.10)
)
(/usr/local/texlive/2024/texmf-dist/tex/generic/pgf/basiclayer/pgfcorepathproce
ssing.code.tex
File: pgfcorepathprocessing.code.tex 2023-01-15 v3.1.10 (3.1.10)
)
(/usr/local/texlive/2024/texmf-dist/tex/generic/pgf/basiclayer/pgfcorearrows.co
de.tex
File: pgfcorearrows.code.tex 2023-01-15 v3.1.10 (3.1.10)
\pgfarrowsep=\dimen180
)
(/usr/local/texlive/2024/texmf-dist/tex/generic/pgf/basiclayer/pgfcoreshade.cod
e.tex
File: pgfcoreshade.code.tex 2023-01-15 v3.1.10 (3.1.10)
\pgf@max=\dimen181
\pgf@sys@shading@range@num=\count275
\pgf@shadingcount=\count276
)
(/usr/local/texlive/2024/texmf-dist/tex/generic/pgf/basiclayer/pgfcoreimage.cod
e.tex
File: pgfcoreimage.code.tex 2023-01-15 v3.1.10 (3.1.10)
)
(/usr/local/texlive/2024/texmf-dist/tex/generic/pgf/basiclayer/pgfcoreexternal.
code.tex
File: pgfcoreexternal.code.tex 2023-01-15 v3.1.10 (3.1.10)
\pgfexternal@startupbox=\box57
)
(/usr/local/texlive/2024/texmf-dist/tex/generic/pgf/basiclayer/pgfcorelayers.co
de.tex
File: pgfcorelayers.code.tex 2023-01-15 v3.1.10 (3.1.10)
)
(/usr/local/texlive/2024/texmf-dist/tex/generic/pgf/basiclayer/pgfcoretranspare
ncy.code.tex
File: pgfcoretransparency.code.tex 2023-01-15 v3.1.10 (3.1.10)
)
(/usr/local/texlive/2024/texmf-dist/tex/generic/pgf/basiclayer/pgfcorepatterns.
code.tex
File: pgfcorepatterns.code.tex 2023-01-15 v3.1.10 (3.1.10)
)
(/usr/local/texlive/2024/texmf-dist/tex/generic/pgf/basiclayer/pgfcorerdf.code.
tex
File: pgfcorerdf.code.tex 2023-01-15 v3.1.10 (3.1.10)
)))
(/usr/local/texlive/2024/texmf-dist/tex/generic/pgf/modules/pgfmoduleshapes.cod
e.tex
File: pgfmoduleshapes.code.tex 2023-01-15 v3.1.10 (3.1.10)
\pgfnodeparttextbox=\box58
)
(/usr/local/texlive/2024/texmf-dist/tex/generic/pgf/modules/pgfmoduleplot.code.
tex
File: pgfmoduleplot.code.tex 2023-01-15 v3.1.10 (3.1.10)
)
(/usr/local/texlive/2024/texmf-dist/tex/latex/pgf/compatibility/pgfcomp-version
-0-65.sty
Package: pgfcomp-version-0-65 2023-01-15 v3.1.10 (3.1.10)
\pgf@nodesepstart=\dimen182
\pgf@nodesepend=\dimen183
)
(/usr/local/texlive/2024/texmf-dist/tex/latex/pgf/compatibility/pgfcomp-version
-1-18.sty
Package: pgfcomp-version-1-18 2023-01-15 v3.1.10 (3.1.10)
))
(/usr/local/texlive/2024/texmf-dist/tex/latex/pgf/utilities/pgffor.sty
(/usr/local/texlive/2024/texmf-dist/tex/latex/pgf/utilities/pgfkeys.sty
(/usr/local/texlive/2024/texmf-dist/tex/generic/pgf/utilities/pgfkeys.code.tex)
) (/usr/local/texlive/2024/texmf-dist/tex/latex/pgf/math/pgfmath.sty
(/usr/local/texlive/2024/texmf-dist/tex/generic/pgf/math/pgfmath.code.tex))
(/usr/local/texlive/2024/texmf-dist/tex/generic/pgf/utilities/pgffor.code.tex
Package: pgffor 2023-01-15 v3.1.10 (3.1.10)
\pgffor@iter=\dimen184
\pgffor@skip=\dimen185
\pgffor@stack=\toks30
\pgffor@toks=\toks31
))
(/usr/local/texlive/2024/texmf-dist/tex/generic/pgf/frontendlayer/tikz/tikz.cod
e.tex
Package: tikz 2023-01-15 v3.1.10 (3.1.10)

(/usr/local/texlive/2024/texmf-dist/tex/generic/pgf/libraries/pgflibraryplothan
dlers.code.tex
File: pgflibraryplothandlers.code.tex 2023-01-15 v3.1.10 (3.1.10)
\pgf@plot@mark@count=\count277
\pgfplotmarksize=\dimen186
)
\tikz@lastx=\dimen187
\tikz@lasty=\dimen188
\tikz@lastxsaved=\dimen189
\tikz@lastysaved=\dimen190
\tikz@lastmovetox=\dimen191
\tikz@lastmovetoy=\dimen192
\tikzleveldistance=\dimen193
\tikzsiblingdistance=\dimen194
\tikz@figbox=\box59
\tikz@figbox@bg=\box60
\tikz@tempbox=\box61
\tikz@tempbox@bg=\box62
\tikztreelevel=\count278
\tikznumberofchildren=\count279
\tikznumberofcurrentchild=\count280
\tikz@fig@count=\count281

(/usr/local/texlive/2024/texmf-dist/tex/generic/pgf/modules/pgfmodulematrix.cod
e.tex
File: pgfmodulematrix.code.tex 2023-01-15 v3.1.10 (3.1.10)
\pgfmatrixcurrentrow=\count282
\pgfmatrixcurrentcolumn=\count283
\pgf@matrix@numberofcolumns=\count284
)
\tikz@expandcount=\count285

(/usr/local/texlive/2024/texmf-dist/tex/generic/pgf/frontendlayer/tikz/librarie
s/tikzlibrarytopaths.code.tex
File: tikzlibrarytopaths.code.tex 2023-01-15 v3.1.10 (3.1.10)
)))
(/usr/local/texlive/2024/texmf-dist/tex/generic/pgf/frontendlayer/tikz/librarie
s/tikzlibrarypositioning.code.tex
File: tikzlibrarypositioning.code.tex 2023-01-15 v3.1.10 (3.1.10)
)
(/usr/local/texlive/2024/texmf-dist/tex/latex/tools/calc.sty
Package: calc 2023/07/08 v4.3 Infix arithmetic (KKT,FJ)
\calc@Acount=\count286
\calc@Bcount=\count287
\calc@Adimen=\dimen195
\calc@Bdimen=\dimen196
\calc@Askip=\skip51
\calc@Bskip=\skip52
LaTeX Info: Redefining \setlength on input line 80.
LaTeX Info: Redefining \addtolength on input line 81.
\calc@Ccount=\count288
\calc@Cskip=\skip53
)
\c@@todonotes@numberoftodonotes=\count289
)
(/usr/local/texlive/2024/texmf-dist/tex/latex/caption/subcaption.sty
Package: subcaption 2023/07/28 v1.6b Sub-captions (AR)

(/usr/local/texlive/2024/texmf-dist/tex/latex/caption/caption.sty
Package: caption 2023/08/05 v3.6o Customizing captions (AR)

(/usr/local/texlive/2024/texmf-dist/tex/latex/caption/caption3.sty
Package: caption3 2023/07/31 v2.4d caption3 kernel (AR)
\caption@tempdima=\dimen197
\captionmargin=\dimen198
\caption@leftmargin=\dimen199
\caption@rightmargin=\dimen256
\caption@width=\dimen257
\caption@indent=\dimen258
\caption@parindent=\dimen259
\caption@hangindent=\dimen260
Package caption Info: Standard document class detected.
)
\c@caption@flags=\count290
\c@continuedfloat=\count291
Package caption Info: wrapfig package is loaded.
)
Package caption Info: New subtype `subfigure' on input line 238.
\c@subfigure=\count292
Package caption Info: New subtype `subtable' on input line 238.
\c@subtable=\count293
)
(/usr/local/texlive/2024/texmf-dist/tex/latex/graphics/dvipsnam.def
File: dvipsnam.def 2016/06/17 v3.0m Driver-dependent file (DPC,SPQR)
)
(/usr/local/texlive/2024/texmf-dist/tex/generic/babel/babel.sty
Package: babel 2024/02/07 v24.2 The Babel package
\babel@savecnt=\count294
\U@D=\dimen261
\l@unhyphenated=\language89

(/usr/local/texlive/2024/texmf-dist/tex/generic/babel/txtbabel.def)
\bbl@readstream=\read3
\bbl@dirlevel=\count295

(/usr/local/texlive/2024/texmf-dist/tex/generic/babel-spanish/spanish.ldf
Language: spanish.ldf 2021/05/27 v5.0q Spanish support from the babel system
\es@quottoks=\toks32
\es@quotdepth=\count296
Package babel Info: Making " an active character on input line 570.
Package babel Info: Making . an active character on input line 675.
Package babel Info: Making < an active character on input line 722.
Package babel Info: Making > an active character on input line 722.
))
(/usr/local/texlive/2024/texmf-dist/tex/generic/babel/locale/es/babel-spanish.t
ex
Package babel Info: Importing font and identification data for spanish
(babel)             from babel-es.ini. Reported on input line 11.
) (/usr/local/texlive/2024/texmf-dist/tex/latex/tcolorbox/tcolorbox.sty
Package: tcolorbox 2024/01/10 version 6.2.0 text color boxes

(/usr/local/texlive/2024/texmf-dist/tex/latex/tools/verbatim.sty
Package: verbatim 2023-11-06 v1.5v LaTeX2e package for verbatim enhancements
\every@verbatim=\toks33
\verbatim@line=\toks34
\verbatim@in@stream=\read4
)
(/usr/local/texlive/2024/texmf-dist/tex/latex/environ/environ.sty
Package: environ 2014/05/04 v0.3 A new way to define environments

(/usr/local/texlive/2024/texmf-dist/tex/latex/trimspaces/trimspaces.sty
Package: trimspaces 2009/09/17 v1.1 Trim spaces around a token list
)
\@envbody=\toks35
)
(/usr/local/texlive/2024/texmf-dist/tex/latex/etoolbox/etoolbox.sty
Package: etoolbox 2020/10/05 v2.5k e-TeX tools for LaTeX (JAW)
\etb@tempcnta=\count297
)
\tcb@titlebox=\box63
\tcb@upperbox=\box64
\tcb@lowerbox=\box65
\tcb@phantombox=\box66
\c@tcbbreakpart=\count298
\c@tcblayer=\count299
\c@tcolorbox@number=\count300
\l__tcobox_tmpa_box=\box67
\l__tcobox_tmpa_dim=\dimen262
\tcb@temp=\box68
\tcb@temp=\box69
\tcb@temp=\box70
\tcb@temp=\box71

(/usr/local/texlive/2024/texmf-dist/tex/latex/tcolorbox/tcbraster.code.tex
Library (tcolorbox): 'tcbraster.code.tex' version '6.2.0'
\c@tcbrastercolumn=\count301
\c@tcbrasterrow=\count302
\c@tcbrasternum=\count303
\c@tcbraster=\count304
) (/usr/local/texlive/2024/texmf-dist/tex/latex/tcolorbox/tcbskins.code.tex
Library (tcolorbox): 'tcbskins.code.tex' version '6.2.0'
(/usr/local/texlive/2024/texmf-dist/tex/latex/tikzfill/tikzfill.image.sty
Package: tikzfill.image 2023/08/08 v1.0.1 Image filling library for TikZ

(/usr/local/texlive/2024/texmf-dist/tex/latex/tikzfill/tikzfill-common.sty
Package: tikzfill-common 2023/08/08 v1.0.1 Auxiliary code for tikzfill
)
(/usr/local/texlive/2024/texmf-dist/tex/latex/tikzfill/tikzlibraryfill.image.co
de.tex
File: tikzlibraryfill.image.code.tex 2023/08/08 v1.0.1 Image filling library
\l__tikzfill_img_box=\box72
))
(/usr/local/texlive/2024/texmf-dist/tex/latex/tcolorbox/tcbskinsjigsaw.code.tex
Library (tcolorbox): 'tcbskinsjigsaw.code.tex' version '6.2.0'
))
(/usr/local/texlive/2024/texmf-dist/tex/latex/tcolorbox/tcbbreakable.code.tex
Library (tcolorbox): 'tcbbreakable.code.tex' version '6.2.0'
(/usr/local/texlive/2024/texmf-dist/tex/latex/pdfcol/pdfcol.sty
Package: pdfcol 2022-09-21 v1.7 Handle new color stacks for pdfTeX (HO)

(/usr/local/texlive/2024/texmf-dist/tex/generic/ltxcmds/ltxcmds.sty
Package: ltxcmds 2023-12-04 v1.26 LaTeX kernel commands for general use (HO)
)
(/usr/local/texlive/2024/texmf-dist/tex/generic/infwarerr/infwarerr.sty
Package: infwarerr 2019/12/03 v1.5 Providing info/warning/error messages (HO)
)
(/usr/local/texlive/2024/texmf-dist/tex/generic/iftex/iftex.sty
Package: iftex 2022/02/03 v1.0f TeX engine tests
))
Package pdfcol Info: New color stack `tcb@breakable' = 1 on input line 23.
\tcb@testbox=\box73
\tcb@totalupperbox=\box74
\tcb@totallowerbox=\box75
)
(/usr/local/texlive/2024/texmf-dist/tex/latex/tcolorbox/tcbhooks.code.tex
Library (tcolorbox): 'tcbhooks.code.tex' version '6.2.0'
) (/usr/local/texlive/2024/texmf-dist/tex/latex/tcolorbox/tcbtheorems.code.tex
Library (tcolorbox): 'tcbtheorems.code.tex' version '6.2.0'
(/usr/local/texlive/2024/texmf-dist/tex/latex/amsmath/amsmath.sty
Package: amsmath 2023/05/13 v2.17o AMS math features
\@mathmargin=\skip54

For additional information on amsmath, use the `?' option.
(/usr/local/texlive/2024/texmf-dist/tex/latex/amsmath/amstext.sty
Package: amstext 2021/08/26 v2.01 AMS text

(/usr/local/texlive/2024/texmf-dist/tex/latex/amsmath/amsgen.sty
File: amsgen.sty 1999/11/30 v2.0 generic functions
\@emptytoks=\toks36
\ex@=\dimen263
))
(/usr/local/texlive/2024/texmf-dist/tex/latex/amsmath/amsbsy.sty
Package: amsbsy 1999/11/29 v1.2d Bold Symbols
\pmbraise@=\dimen264
)
(/usr/local/texlive/2024/texmf-dist/tex/latex/amsmath/amsopn.sty
Package: amsopn 2022/04/08 v2.04 operator names
)
\inf@bad=\count305
LaTeX Info: Redefining \frac on input line 234.
\uproot@=\count306
\leftroot@=\count307
LaTeX Info: Redefining \overline on input line 399.
LaTeX Info: Redefining \colon on input line 410.
\classnum@=\count308
\DOTSCASE@=\count309
LaTeX Info: Redefining \ldots on input line 496.
LaTeX Info: Redefining \dots on input line 499.
LaTeX Info: Redefining \cdots on input line 620.
\Mathstrutbox@=\box76
\strutbox@=\box77
LaTeX Info: Redefining \big on input line 722.
LaTeX Info: Redefining \Big on input line 723.
LaTeX Info: Redefining \bigg on input line 724.
LaTeX Info: Redefining \Bigg on input line 725.
\big@size=\dimen265
LaTeX Font Info:    Redeclaring font encoding OML on input line 743.
LaTeX Font Info:    Redeclaring font encoding OMS on input line 744.
\macc@depth=\count310
LaTeX Info: Redefining \bmod on input line 905.
LaTeX Info: Redefining \pmod on input line 910.
LaTeX Info: Redefining \smash on input line 940.
LaTeX Info: Redefining \relbar on input line 970.
LaTeX Info: Redefining \Relbar on input line 971.
\c@MaxMatrixCols=\count311
\dotsspace@=\muskip16
\c@parentequation=\count312
\dspbrk@lvl=\count313
\tag@help=\toks37
\row@=\count314
\column@=\count315
\maxfields@=\count316
\andhelp@=\toks38
\eqnshift@=\dimen266
\alignsep@=\dimen267
\tagshift@=\dimen268
\tagwidth@=\dimen269
\totwidth@=\dimen270
\lineht@=\dimen271
\@envbody=\toks39
\multlinegap=\skip55
\multlinetaggap=\skip56
\mathdisplay@stack=\toks40
LaTeX Info: Redefining \[ on input line 2953.
LaTeX Info: Redefining \] on input line 2954.
))
(/usr/local/texlive/2024/texmf-dist/tex/latex/tcolorbox/tcbfitting.code.tex
Library (tcolorbox): 'tcbfitting.code.tex' version '6.2.0'
\tcbfitdim=\dimen272
\tcb@lowerfitdim=\dimen273
\tcb@upperfitdim=\dimen274
\tcb@cur@hbadness=\count317
)
(/usr/local/texlive/2024/texmf-dist/tex/latex/tcolorbox/tcblistingsutf8.code.te
x
Library (tcolorbox): 'tcblistingsutf8.code.tex' version '6.2.0'
(/usr/local/texlive/2024/texmf-dist/tex/latex/tcolorbox/tcblistings.code.tex
Library (tcolorbox): 'tcblistings.code.tex' version '6.2.0'
(/usr/local/texlive/2024/texmf-dist/tex/latex/listings/listings.sty
\lst@mode=\count318
\lst@gtempboxa=\box78
\lst@token=\toks41
\lst@length=\count319
\lst@currlwidth=\dimen275
\lst@column=\count320
\lst@pos=\count321
\lst@lostspace=\dimen276
\lst@width=\dimen277
\lst@newlines=\count322
\lst@lineno=\count323
\lst@maxwidth=\dimen278

(/usr/local/texlive/2024/texmf-dist/tex/latex/listings/lstpatch.sty
File: lstpatch.sty 2024/02/21 1.10 (Carsten Heinz)
)
(/usr/local/texlive/2024/texmf-dist/tex/latex/listings/lstmisc.sty
File: lstmisc.sty 2024/02/21 1.10 (Carsten Heinz)
\c@lstnumber=\count324
\lst@skipnumbers=\count325
\lst@framebox=\box79
)
(/usr/local/texlive/2024/texmf-dist/tex/latex/listings/listings.cfg
File: listings.cfg 2024/02/21 1.10 listings configuration
))
Package: listings 2024/02/21 1.10 (Carsten Heinz)

(/usr/local/texlive/2024/texmf-dist/tex/latex/tcolorbox/tcblistingscore.code.te
x
Library (tcolorbox): 'tcblistingscore.code.tex' version '6.2.0'
(/usr/local/texlive/2024/texmf-dist/tex/latex/tcolorbox/tcbprocessing.code.tex
Library (tcolorbox): 'tcbprocessing.code.tex' version '6.2.0'
)
\c@tcblisting=\count326
)) (/usr/local/texlive/2024/texmf-dist/tex/latex/listingsutf8/listingsutf8.sty
Package: listingsutf8 2019-12-10 v1.5 Allow UTF-8 in listings input (HO)
(/usr/local/texlive/2024/texmf-dist/tex/generic/pdftexcmds/pdftexcmds.sty
Package: pdftexcmds 2020-06-27 v0.33 Utility functions of pdfTeX for LuaTeX (HO
)
Package pdftexcmds Info: \pdf@primitive is available.
Package pdftexcmds Info: \pdf@ifprimitive is available.
Package pdftexcmds Info: \pdfdraftmode found.
)
(/usr/local/texlive/2024/texmf-dist/tex/generic/stringenc/stringenc.sty
Package: stringenc 2019/11/29 v1.12 Convert strings between diff. encodings (HO
)

(/usr/local/texlive/2024/texmf-dist/tex/generic/pdfescape/pdfescape.sty
Package: pdfescape 2019/12/09 v1.15 Implements pdfTeX's escape features (HO)
))))
(/usr/local/texlive/2024/texmf-dist/tex/latex/tcolorbox/tcbexternal.code.tex
Library (tcolorbox): 'tcbexternal.code.tex' version '6.2.0'
) (/usr/local/texlive/2024/texmf-dist/tex/latex/tcolorbox/tcbmagazine.code.tex
Library (tcolorbox): 'tcbmagazine.code.tex' version '6.2.0'
) (/usr/local/texlive/2024/texmf-dist/tex/latex/tcolorbox/tcbvignette.code.tex
Library (tcolorbox): 'tcbvignette.code.tex' version '6.2.0'

(/usr/local/texlive/2024/texmf-dist/tex/generic/pgf/frontendlayer/tikz/librarie
s/tikzlibraryfadings.code.tex
File: tikzlibraryfadings.code.tex 2023-01-15 v3.1.10 (3.1.10)

(/usr/local/texlive/2024/texmf-dist/tex/generic/pgf/libraries/pgflibraryfadings
.code.tex
File: pgflibraryfadings.code.tex 2023-01-15 v3.1.10 (3.1.10)
)))
(/usr/local/texlive/2024/texmf-dist/tex/latex/tcolorbox/tcbposter.code.tex
Library (tcolorbox): 'tcbposter.code.tex' version '6.2.0'
)) (/usr/local/texlive/2024/texmf-dist/tex/latex/brushscr/pbsi.sty
Package: pbsi 2001/09/17 - BrushScriptX-Italic selection command 'textbsi'


Package pbsi Warning: bad encoding; assuming T1..

(/usr/local/texlive/2024/texmf-dist/tex/latex/brushscr/t1pbsi.fd
File: t1pbsi.fd 2001/09/24 Fontinst v1.801 font definitions for T1/pbsi.
))
(./structure.tex
(/usr/local/texlive/2024/texmf-dist/tex/latex/titlesec/titlesec.sty
Package: titlesec 2023/10/27 v2.16 Sectioning titles
\ttl@box=\box80
\beforetitleunit=\skip57
\aftertitleunit=\skip58
\ttl@plus=\dimen279
\ttl@minus=\dimen280
\ttl@toksa=\toks42
\titlewidth=\dimen281
\titlewidthlast=\dimen282
\titlewidthfirst=\dimen283
)
(/usr/local/texlive/2024/texmf-dist/tex/latex/lipsum/lipsum.sty
(/usr/local/texlive/2024/texmf-dist/tex/latex/l3packages/l3keys2e/l3keys2e.sty
(/usr/local/texlive/2024/texmf-dist/tex/latex/l3kernel/expl3.sty
Package: expl3 2024-02-20 L3 programming layer (loader) 

(/usr/local/texlive/2024/texmf-dist/tex/latex/l3backend/l3backend-pdftex.def
File: l3backend-pdftex.def 2024-02-20 L3 backend support: PDF output (pdfTeX)
\l__color_backend_stack_int=\count327
\l__pdf_internal_box=\box81
))
Package: l3keys2e 2024-02-18 LaTeX2e option processing using LaTeX3 keys
)
Package: lipsum 2021-09-20 v2.7 150 paragraphs of Lorem Ipsum dummy text
\g__lipsum_par_int=\count328
\l__lipsum_a_int=\count329
\l__lipsum_b_int=\count330
(/usr/local/texlive/2024/texmf-dist/tex/latex/lipsum/lipsum.ltd.tex))

! LaTeX Error: Option clash for package babel.

See the LaTeX manual or LaTeX Companion for explanation.
Type  H <return>  for immediate help.
 ...                                              
                                                  
l.29 
     
? 
(/usr/local/texlive/2024/texmf-dist/tex/latex/enumitem/enumitem.sty
Package: enumitem 2019/06/20 v3.9 Customized lists
\enitkv@toks@=\toks43
\labelindent=\skip59
\enit@outerparindent=\dimen284
\enit@toks=\toks44
\enit@inbox=\box82
\enit@count@id=\count331
\enitdp@description=\count332
)
(/usr/local/texlive/2024/texmf-dist/tex/latex/booktabs/booktabs.sty
Package: booktabs 2020/01/12 v1.61803398 Publication quality tables
\heavyrulewidth=\dimen285
\lightrulewidth=\dimen286
\cmidrulewidth=\dimen287
\belowrulesep=\dimen288
\belowbottomsep=\dimen289
\aboverulesep=\dimen290
\abovetopsep=\dimen291
\cmidrulesep=\dimen292
\cmidrulekern=\dimen293
\defaultaddspace=\dimen294
\@cmidla=\count333
\@cmidlb=\count334
\@aboverulesep=\dimen295
\@belowrulesep=\dimen296
\@thisruleclass=\count335
\@lastruleclass=\count336
\@thisrulewidth=\dimen297
)
(/usr/local/texlive/2024/texmf-dist/tex/latex/eso-pic/eso-pic.sty
Package: eso-pic 2023/05/03 v3.0c eso-pic (RN)
\ESO@tempdima=\dimen298
\ESO@tempdimb=\dimen299
)
(/usr/local/texlive/2024/texmf-dist/tex/latex/glossaries/base/glossaries.sty
Package: glossaries 2023/09/29 v4.53 (NLCT)

(/usr/local/texlive/2024/texmf-dist/tex/latex/mfirstuc/mfirstuc.sty
Package: mfirstuc 2022/10/14 v2.08 (NLCT)
\@glsmfirst=\toks45
\@glsmrest=\toks46
)
(/usr/local/texlive/2024/texmf-dist/tex/latex/xfor/xfor.sty
Package: xfor 2009/02/05 v1.05 (NLCT)
)
(/usr/local/texlive/2024/texmf-dist/tex/latex/datatool/datatool-base.sty
Package: datatool-base 2019/09/27 v2.32 (NLCT)

(/usr/local/texlive/2024/texmf-dist/tex/latex/substr/substr.sty
Package: substr 2009/10/20 v1.2 Handle substrings
\c@su@anzahl=\count337
)
(/usr/local/texlive/2024/texmf-dist/tex/latex/datatool/datatool-fp.sty
Package: datatool-fp 2019/09/27 v2.32 (NLCT)

(/usr/local/texlive/2024/texmf-dist/tex/latex/fp/fp.sty
Package: fp 1995/04/02

`Fixed Point Package', Version 0.8, April 2, 1995 (C) Michael Mehlich
(/usr/local/texlive/2024/texmf-dist/tex/latex/fp/defpattern.sty
Package: defpattern 1994/10/12
\actioncount=\count338
)
(/usr/local/texlive/2024/texmf-dist/tex/latex/fp/fp-basic.sty
Package: fp-basic 1996/05/13
\FP@xs=\count339
\FP@xia=\count340
\FP@xib=\count341
\FP@xfa=\count342
\FP@xfb=\count343
\FP@rega=\count344
\FP@regb=\count345
\FP@regs=\count346
\FP@times=\count347
)
(/usr/local/texlive/2024/texmf-dist/tex/latex/fp/fp-addons.sty
Package: fp-addons 1995/03/15
)
(/usr/local/texlive/2024/texmf-dist/tex/latex/fp/fp-snap.sty
Package: fp-snap 1995/04/05
)
(/usr/local/texlive/2024/texmf-dist/tex/latex/fp/fp-exp.sty
Package: fp-exp 1995/04/03
)
(/usr/local/texlive/2024/texmf-dist/tex/latex/fp/fp-trigo.sty
Package: fp-trigo 1995/04/14
)
(/usr/local/texlive/2024/texmf-dist/tex/latex/fp/fp-pas.sty
Package: fp-pas 1994/08/29
)
(/usr/local/texlive/2024/texmf-dist/tex/latex/fp/fp-random.sty
Package: fp-random 1995/02/23
\FPseed=\count348
)
(/usr/local/texlive/2024/texmf-dist/tex/latex/fp/fp-eqn.sty
Package: fp-eqn 1995/04/03
)
(/usr/local/texlive/2024/texmf-dist/tex/latex/fp/fp-upn.sty
Package: fp-upn 1996/10/21
)
(/usr/local/texlive/2024/texmf-dist/tex/latex/fp/fp-eval.sty
Package: fp-eval 1995/04/03
)))
\@dtl@toks=\toks47
\@dtl@tmpcount=\count349
\dtl@tmplength=\skip60
\dtl@sortresult=\count350
\@dtl@numgrpsepcount=\count351
\@dtl@datatype=\count352
\dtl@codeA=\count353
\dtl@codeB=\count354
\@dtl@foreach@level=\count355
)
(/usr/local/texlive/2024/texmf-dist/tex/latex/tracklang/tracklang.sty
Package: tracklang 2022/12/13 v1.6.1 (NLCT) Track Languages

(/usr/local/texlive/2024/texmf-dist/tex/generic/tracklang/tracklang.tex))
(/usr/local/texlive/2024/texmf-dist/tex/latex/translator/translator.sty
Package: translator 2021-05-31 v1.12d Easy translation of strings in LaTeX
)
(/usr/local/texlive/2024/texmf-dist/tex/latex/glossaries-spanish/glossaries-spa
nish.ldf
File: glossaries-spanish.ldf 2014/11/23 v1.0

(/usr/local/texlive/2024/texmf-dist/tex/latex/glossaries-spanish/glossaries-spa
nish-utf8.ldf))
\gls@level=\count356
\@gls@tmpb=\toks48
\gls@tmplen=\skip61
\glskeylisttok=\toks49
\glslabeltok=\toks50
\glsshorttok=\toks51
\glslongtok=\toks52

(/usr/local/texlive/2024/texmf-dist/tex/latex/glossaries/styles/glossary-hypern
av.sty
Package: glossary-hypernav 2023/09/29 v4.53 (NLCT)
)
(/usr/local/texlive/2024/texmf-dist/tex/latex/glossaries/styles/glossary-list.s
ty
Package: glossary-list 2023/09/29 v4.53 (NLCT)
\glslistdottedwidth=\skip62
)
(/usr/local/texlive/2024/texmf-dist/tex/latex/glossaries/styles/glossary-long.s
ty
Package: glossary-long 2023/09/29 v4.53 (NLCT)
 (/usr/local/texlive/2024/texmf-dist/tex/latex/tools/longtable.sty
Package: longtable 2023-11-01 v4.19 Multi-page Table package (DPC)
\LTleft=\skip63
\LTright=\skip64
\LTpre=\skip65
\LTpost=\skip66
\LTchunksize=\count357
\LTcapwidth=\dimen300
\LT@head=\box83
\LT@firsthead=\box84
\LT@foot=\box85
\LT@lastfoot=\box86
\LT@gbox=\box87
\LT@cols=\count358
\LT@rows=\count359
\c@LT@tables=\count360
\c@LT@chunks=\count361
\LT@p@ftn=\toks53
)
\glsdescwidth=\skip67
\glspagelistwidth=\skip68
)
(/usr/local/texlive/2024/texmf-dist/tex/latex/glossaries/styles/glossary-super.
sty
Package: glossary-super 2023/09/29 v4.53 (NLCT)
 (/usr/local/texlive/2024/texmf-dist/tex/latex/supertabular/supertabular.sty
Package: supertabular 2020/02/02 v4.1g the supertabular environment
\c@tracingst=\count362
\ST@wd=\dimen301
\ST@rightskip=\skip69
\ST@leftskip=\skip70
\ST@parfillskip=\skip71
\ST@pageleft=\dimen302
\ST@headht=\dimen303
\ST@tailht=\dimen304
\ST@pagesofar=\dimen305
\ST@pboxht=\dimen306
\ST@lineht=\dimen307
\ST@prevht=\dimen308
\ST@toadd=\dimen309
\ST@dimen=\dimen310
\ST@pbox=\box88
))
(/usr/local/texlive/2024/texmf-dist/tex/latex/glossaries/styles/glossary-tree.s
ty
Package: glossary-tree 2023/09/29 v4.53 (NLCT)
\glstreeindent=\skip72
)) (/usr/local/texlive/2024/texmf-dist/tex/latex/hyphenat/hyphenat.sty
Package: hyphenat 2009/09/02 v2.3c hyphenation utilities
\langwohyphens=\language90
LaTeX Info: Redefining \_ on input line 43.
)
(/usr/local/texlive/2024/texmf-dist/tex/latex/geometry/geometry.sty
Package: geometry 2020/01/02 v5.9 Page Geometry

(/usr/local/texlive/2024/texmf-dist/tex/generic/iftex/ifvtex.sty
Package: ifvtex 2019/10/25 v1.7 ifvtex legacy package. Use iftex instead.
)
\Gm@cnth=\count363
\Gm@cntv=\count364
\c@Gm@tempcnt=\count365
\Gm@bindingoffset=\dimen311
\Gm@wd@mp=\dimen312
\Gm@odd@mp=\dimen313
\Gm@even@mp=\dimen314
\Gm@layoutwidth=\dimen315
\Gm@layoutheight=\dimen316
\Gm@layouthoffset=\dimen317
\Gm@layoutvoffset=\dimen318
\Gm@dimlist=\toks54
)
(/usr/local/texlive/2024/texmf-dist/tex/latex/algorithms/algorithm.sty
Package: algorithm 2009/08/24 v0.1 Document Style `algorithm' - floating enviro
nment

(/usr/local/texlive/2024/texmf-dist/tex/latex/float/float.sty
Package: float 2001/11/08 v1.3d Float enhancements (AL)
\c@float@type=\count366
\float@exts=\toks55
\float@box=\box89
\@float@everytoks=\toks56
\@floatcapt=\box90
)
\@float@every@algorithm=\toks57
\c@algorithm=\count367
)
(/usr/local/texlive/2024/texmf-dist/tex/latex/algorithmicx/algpseudocode.sty
Package: algpseudocode 

(/usr/local/texlive/2024/texmf-dist/tex/latex/algorithmicx/algorithmicx.sty
Package: algorithmicx 2005/04/27 v1.2 Algorithmicx

Document Style algorithmicx 1.2 - a greatly improved `algorithmic' style
\c@ALG@line=\count368
\c@ALG@rem=\count369
\c@ALG@nested=\count370
\ALG@tlm=\skip73
\ALG@thistlm=\skip74
\c@ALG@Lnr=\count371
\c@ALG@blocknr=\count372
\c@ALG@storecount=\count373
\c@ALG@tmpcounter=\count374
\ALG@tmplength=\skip75
)
Document Style - pseudocode environments for use with the `algorithmicx' style
) (/usr/local/texlive/2024/texmf-dist/tex/latex/graphics/rotating.sty
Package: rotating 2016/08/11 v2.16d rotated objects in LaTeX
\c@r@tfl@t=\count375
\rotFPtop=\skip76
\rotFPbot=\skip77
\rot@float@box=\box91
\rot@mess@toks=\toks58
)
(/usr/local/texlive/2024/texmf-dist/tex/latex/psnfss/avant.sty
Package: avant 2020/03/25 PSNFSS-v9.3 (SPQR) 
)
(/usr/local/texlive/2024/texmf-dist/tex/latex/psnfss/mathptmx.sty
Package: mathptmx 2020/03/25 PSNFSS-v9.3 Times w/ Math, improved (SPQR, WaS) 
LaTeX Font Info:    Redeclaring symbol font `operators' on input line 28.
LaTeX Font Info:    Overwriting symbol font `operators' in version `normal'
(Font)                  OT1/cmr/m/n --> OT1/ztmcm/m/n on input line 28.
LaTeX Font Info:    Overwriting symbol font `operators' in version `bold'
(Font)                  OT1/cmr/bx/n --> OT1/ztmcm/m/n on input line 28.
LaTeX Font Info:    Redeclaring symbol font `letters' on input line 29.
LaTeX Font Info:    Overwriting symbol font `letters' in version `normal'
(Font)                  OML/cmm/m/it --> OML/ztmcm/m/it on input line 29.
LaTeX Font Info:    Overwriting symbol font `letters' in version `bold'
(Font)                  OML/cmm/b/it --> OML/ztmcm/m/it on input line 29.
LaTeX Font Info:    Redeclaring symbol font `symbols' on input line 30.
LaTeX Font Info:    Overwriting symbol font `symbols' in version `normal'
(Font)                  OMS/cmsy/m/n --> OMS/ztmcm/m/n on input line 30.
LaTeX Font Info:    Overwriting symbol font `symbols' in version `bold'
(Font)                  OMS/cmsy/b/n --> OMS/ztmcm/m/n on input line 30.
LaTeX Font Info:    Redeclaring symbol font `largesymbols' on input line 31.
LaTeX Font Info:    Overwriting symbol font `largesymbols' in version `normal'
(Font)                  OMX/cmex/m/n --> OMX/ztmcm/m/n on input line 31.
LaTeX Font Info:    Overwriting symbol font `largesymbols' in version `bold'
(Font)                  OMX/cmex/m/n --> OMX/ztmcm/m/n on input line 31.
\symbold=\mathgroup4
\symitalic=\mathgroup5
LaTeX Font Info:    Redeclaring math alphabet \mathbf on input line 34.
LaTeX Font Info:    Overwriting math alphabet `\mathbf' in version `normal'
(Font)                  OT1/cmr/bx/n --> OT1/ptm/bx/n on input line 34.
LaTeX Font Info:    Overwriting math alphabet `\mathbf' in version `bold'
(Font)                  OT1/cmr/bx/n --> OT1/ptm/bx/n on input line 34.
LaTeX Font Info:    Redeclaring math alphabet \mathit on input line 35.
LaTeX Font Info:    Overwriting math alphabet `\mathit' in version `normal'
(Font)                  OT1/cmr/m/it --> OT1/ptm/m/it on input line 35.
LaTeX Font Info:    Overwriting math alphabet `\mathit' in version `bold'
(Font)                  OT1/cmr/bx/it --> OT1/ptm/m/it on input line 35.
LaTeX Info: Redefining \hbar on input line 50.
)
(/usr/local/texlive/2024/texmf-dist/tex/latex/microtype/microtype.sty
Package: microtype 2023/03/13 v3.1a Micro-typographical refinements (RS)
\MT@toks=\toks59
\MT@tempbox=\box92
\MT@count=\count376
LaTeX Info: Redefining \noprotrusionifhmode on input line 1059.
LaTeX Info: Redefining \leftprotrusion on input line 1060.
\MT@prot@toks=\toks60
LaTeX Info: Redefining \rightprotrusion on input line 1078.
LaTeX Info: Redefining \textls on input line 1368.
\MT@outer@kern=\dimen319
LaTeX Info: Redefining \textmicrotypecontext on input line 1988.
\MT@listname@count=\count377

(/usr/local/texlive/2024/texmf-dist/tex/latex/microtype/microtype-pdftex.def
File: microtype-pdftex.def 2023/03/13 v3.1a Definitions specific to pdftex (RS)

LaTeX Info: Redefining \lsstyle on input line 902.
LaTeX Info: Redefining \lslig on input line 902.
\MT@outer@space=\skip78
)
Package microtype Info: Loading configuration file microtype.cfg.

(/usr/local/texlive/2024/texmf-dist/tex/latex/microtype/microtype.cfg
File: microtype.cfg 2023/03/13 v3.1a microtype main configuration file (RS)
))
(/usr/local/texlive/2024/texmf-dist/tex/latex/base/inputenc.sty
Package: inputenc 2021/02/14 v1.3d Input encoding file
\inpenc@prehook=\toks61
\inpenc@posthook=\toks62
)
(/usr/local/texlive/2024/texmf-dist/tex/latex/base/fontenc.sty
Package: fontenc 2021/04/29 v2.0v Standard LaTeX package
LaTeX Font Info:    Trying to load font information for T1+ptm on input line 11
2.

(/usr/local/texlive/2024/texmf-dist/tex/latex/psnfss/t1ptm.fd
File: t1ptm.fd 2001/06/04 font definitions for T1/ptm.
))
(/usr/local/texlive/2024/texmf-dist/tex/latex/titlesec/titletoc.sty
Package: titletoc 2023/10/27 v2.16 TOC entries
\ttl@leftsep=\dimen320
)
(/usr/local/texlive/2024/texmf-dist/tex/latex/fancyhdr/fancyhdr.sty
Package: fancyhdr 2022/11/09 v4.1 Extensive control of page headers and footers

\f@nch@headwidth=\skip79
\f@nch@O@elh=\skip80
\f@nch@O@erh=\skip81
\f@nch@O@olh=\skip82
\f@nch@O@orh=\skip83
\f@nch@O@elf=\skip84
\f@nch@O@erf=\skip85
\f@nch@O@olf=\skip86
\f@nch@O@orf=\skip87
)
(/usr/local/texlive/2024/texmf-dist/tex/latex/amsfonts/amsfonts.sty
Package: amsfonts 2013/01/14 v3.01 Basic AMSFonts support
\symAMSa=\mathgroup6
\symAMSb=\mathgroup7
LaTeX Font Info:    Overwriting math alphabet `\mathfrak' in version `bold'
(Font)                  U/euf/m/n --> U/euf/b/n on input line 106.
)
(/usr/local/texlive/2024/texmf-dist/tex/latex/amsfonts/amssymb.sty
Package: amssymb 2013/01/14 v3.01 AMS font symbols
)
(/usr/local/texlive/2024/texmf-dist/tex/latex/amscls/amsthm.sty
Package: amsthm 2020/05/29 v2.20.6
\thm@style=\toks63
\thm@bodyfont=\toks64
\thm@headfont=\toks65
\thm@notefont=\toks66
\thm@headpunct=\toks67
\thm@preskip=\skip88
\thm@postskip=\skip89
\thm@headsep=\skip90
\dth@everypar=\toks68
)
\c@notation=\count378
\c@dummy=\count379
\c@problem=\count380
\c@exerciseT=\count381
\c@exampleT=\count382
\c@vocabulary=\count383
\c@definitionT=\count384

(/usr/local/texlive/2024/texmf-dist/tex/latex/mdframed/mdframed.sty
Package: mdframed 2013/07/01 1.9b: mdframed

(/usr/local/texlive/2024/texmf-dist/tex/latex/kvoptions/kvoptions.sty
Package: kvoptions 2022-06-15 v3.15 Key value format for package options (HO)

(/usr/local/texlive/2024/texmf-dist/tex/latex/kvsetkeys/kvsetkeys.sty
Package: kvsetkeys 2022-10-05 v1.19 Key value parser (HO)
))
(/usr/local/texlive/2024/texmf-dist/tex/latex/l3packages/xparse/xparse.sty
Package: xparse 2024-02-18 L3 Experimental document command parser
)
(/usr/local/texlive/2024/texmf-dist/tex/latex/zref/zref-abspage.sty
Package: zref-abspage 2023-09-14 v2.35 Module abspage for zref (HO)

(/usr/local/texlive/2024/texmf-dist/tex/latex/zref/zref-base.sty
Package: zref-base 2023-09-14 v2.35 Module base for zref (HO)

(/usr/local/texlive/2024/texmf-dist/tex/generic/kvdefinekeys/kvdefinekeys.sty
Package: kvdefinekeys 2019-12-19 v1.6 Define keys (HO)
)
(/usr/local/texlive/2024/texmf-dist/tex/generic/etexcmds/etexcmds.sty
Package: etexcmds 2019/12/15 v1.7 Avoid name clashes with e-TeX commands (HO)
)
(/usr/local/texlive/2024/texmf-dist/tex/latex/auxhook/auxhook.sty
Package: auxhook 2019-12-17 v1.6 Hooks for auxiliary files (HO)
)
Package zref Info: New property list: main on input line 767.
Package zref Info: New property: default on input line 768.
Package zref Info: New property: page on input line 769.
)
\c@abspage=\count385
Package zref Info: New property: abspage on input line 67.
)
(/usr/local/texlive/2024/texmf-dist/tex/latex/needspace/needspace.sty
Package: needspace 2010/09/12 v1.3d reserve vertical space
)
\mdf@templength=\skip91
\c@mdf@globalstyle@cnt=\count386
\mdf@skipabove@length=\skip92
\mdf@skipbelow@length=\skip93
\mdf@leftmargin@length=\skip94
\mdf@rightmargin@length=\skip95
\mdf@innerleftmargin@length=\skip96
\mdf@innerrightmargin@length=\skip97
\mdf@innertopmargin@length=\skip98
\mdf@innerbottommargin@length=\skip99
\mdf@splittopskip@length=\skip100
\mdf@splitbottomskip@length=\skip101
\mdf@outermargin@length=\skip102
\mdf@innermargin@length=\skip103
\mdf@linewidth@length=\skip104
\mdf@innerlinewidth@length=\skip105
\mdf@middlelinewidth@length=\skip106
\mdf@outerlinewidth@length=\skip107
\mdf@roundcorner@length=\skip108
\mdf@footenotedistance@length=\skip109
\mdf@userdefinedwidth@length=\skip110
\mdf@needspace@length=\skip111
\mdf@frametitleaboveskip@length=\skip112
\mdf@frametitlebelowskip@length=\skip113
\mdf@frametitlerulewidth@length=\skip114
\mdf@frametitleleftmargin@length=\skip115
\mdf@frametitlerightmargin@length=\skip116
\mdf@shadowsize@length=\skip117
\mdf@extratopheight@length=\skip118
\mdf@subtitleabovelinewidth@length=\skip119
\mdf@subtitlebelowlinewidth@length=\skip120
\mdf@subtitleaboveskip@length=\skip121
\mdf@subtitlebelowskip@length=\skip122
\mdf@subtitleinneraboveskip@length=\skip123
\mdf@subtitleinnerbelowskip@length=\skip124
\mdf@subsubtitleabovelinewidth@length=\skip125
\mdf@subsubtitlebelowlinewidth@length=\skip126
\mdf@subsubtitleaboveskip@length=\skip127
\mdf@subsubtitlebelowskip@length=\skip128
\mdf@subsubtitleinneraboveskip@length=\skip129
\mdf@subsubtitleinnerbelowskip@length=\skip130

(/usr/local/texlive/2024/texmf-dist/tex/latex/mdframed/md-frame-0.mdf
File: md-frame-0.mdf 2013/07/01\ 1.9b: md-frame-0
)
\mdf@frametitlebox=\box93
\mdf@footnotebox=\box94
\mdf@splitbox@one=\box95
\mdf@splitbox@two=\box96
\mdf@splitbox@save=\box97
\mdfsplitboxwidth=\skip131
\mdfsplitboxtotalwidth=\skip132
\mdfsplitboxheight=\skip133
\mdfsplitboxdepth=\skip134
\mdfsplitboxtotalheight=\skip135
\mdfframetitleboxwidth=\skip136
\mdfframetitleboxtotalwidth=\skip137
\mdfframetitleboxheight=\skip138
\mdfframetitleboxdepth=\skip139
\mdfframetitleboxtotalheight=\skip140
\mdffootnoteboxwidth=\skip141
\mdffootnoteboxtotalwidth=\skip142
\mdffootnoteboxheight=\skip143
\mdffootnoteboxdepth=\skip144
\mdffootnoteboxtotalheight=\skip145
\mdftotallinewidth=\skip146
\mdfboundingboxwidth=\skip147
\mdfboundingboxtotalwidth=\skip148
\mdfboundingboxheight=\skip149
\mdfboundingboxdepth=\skip150
\mdfboundingboxtotalheight=\skip151
\mdf@freevspace@length=\skip152
\mdf@horizontalwidthofbox@length=\skip153
\mdf@verticalmarginwhole@length=\skip154
\mdf@horizontalspaceofbox=\skip155
\mdfsubtitleheight=\skip156
\mdfsubsubtitleheight=\skip157
\c@mdfcountframes=\count387

****** mdframed patching \endmdf@trivlist

****** -- success******

\mdf@envdepth=\count388
\c@mdf@env@i=\count389
\c@mdf@env@ii=\count390
\c@mdf@zref@counter=\count391
Package zref Info: New property: mdf@pagevalue on input line 895.
)
(/usr/local/texlive/2024/texmf-dist/tex/latex/hyperref/hyperref.sty
Package: hyperref 2024-01-20 v7.01h Hypertext links for LaTeX

(/usr/local/texlive/2024/texmf-dist/tex/latex/hycolor/hycolor.sty
Package: hycolor 2020-01-27 v1.10 Color options for hyperref/bookmark (HO)
)
(/usr/local/texlive/2024/texmf-dist/tex/latex/hyperref/nameref.sty
Package: nameref 2023-11-26 v2.56 Cross-referencing by name of section

(/usr/local/texlive/2024/texmf-dist/tex/latex/refcount/refcount.sty
Package: refcount 2019/12/15 v3.6 Data extraction from label references (HO)
)
(/usr/local/texlive/2024/texmf-dist/tex/generic/gettitlestring/gettitlestring.s
ty
Package: gettitlestring 2019/12/15 v1.6 Cleanup title references (HO)
)
\c@section@level=\count392
)
\@linkdim=\dimen321
\Hy@linkcounter=\count393
\Hy@pagecounter=\count394
 (/usr/local/texlive/2024/texmf-dist/tex/latex/hyperref/pd1enc.def
File: pd1enc.def 2024-01-20 v7.01h Hyperref: PDFDocEncoding definition (HO)
Now handling font encoding PD1 ...
... no UTF-8 mapping file for font encoding PD1
)
(/usr/local/texlive/2024/texmf-dist/tex/generic/intcalc/intcalc.sty
Package: intcalc 2019/12/15 v1.3 Expandable calculations with integers (HO)
)
\Hy@SavedSpaceFactor=\count395

(/usr/local/texlive/2024/texmf-dist/tex/latex/hyperref/puenc.def
File: puenc.def 2024-01-20 v7.01h Hyperref: PDF Unicode definition (HO)
Now handling font encoding PU ...
... no UTF-8 mapping file for font encoding PU
)
Package hyperref Info: Hyper figures OFF on input line 4179.
Package hyperref Info: Link nesting OFF on input line 4184.
Package hyperref Info: Hyper index ON on input line 4187.
Package hyperref Info: Plain pages OFF on input line 4194.
Package hyperref Info: Backreferencing OFF on input line 4199.
Package hyperref Info: Implicit mode ON; LaTeX internals redefined.
Package hyperref Info: Bookmarks ON on input line 4446.
\c@Hy@tempcnt=\count396

(/usr/local/texlive/2024/texmf-dist/tex/latex/url/url.sty
\Urlmuskip=\muskip17
Package: url 2013/09/16  ver 3.4  Verb mode for urls, etc.
)
LaTeX Info: Redefining \url on input line 4784.
\XeTeXLinkMargin=\dimen322

(/usr/local/texlive/2024/texmf-dist/tex/generic/bitset/bitset.sty
Package: bitset 2019/12/09 v1.3 Handle bit-vector datatype (HO)

(/usr/local/texlive/2024/texmf-dist/tex/generic/bigintcalc/bigintcalc.sty
Package: bigintcalc 2019/12/15 v1.5 Expandable calculations on big integers (HO
)
))
\Fld@menulength=\count397
\Field@Width=\dimen323
\Fld@charsize=\dimen324
Package hyperref Info: Hyper figures OFF on input line 6063.
Package hyperref Info: Link nesting OFF on input line 6068.
Package hyperref Info: Hyper index ON on input line 6071.
Package hyperref Info: backreferencing OFF on input line 6078.
Package hyperref Info: Link coloring OFF on input line 6083.
Package hyperref Info: Link coloring with OCG OFF on input line 6088.
Package hyperref Info: PDF/A mode OFF on input line 6093.

(/usr/local/texlive/2024/texmf-dist/tex/latex/base/atbegshi-ltx.sty
Package: atbegshi-ltx 2021/01/10 v1.0c Emulation of the original atbegshi
package with kernel methods
)
\Hy@abspage=\count398
\c@Item=\count399
\c@Hfootnote=\count400
)
Package hyperref Info: Driver (autodetected): hpdftex.

(/usr/local/texlive/2024/texmf-dist/tex/latex/hyperref/hpdftex.def
File: hpdftex.def 2024-01-20 v7.01h Hyperref driver for pdfTeX

(/usr/local/texlive/2024/texmf-dist/tex/latex/base/atveryend-ltx.sty
Package: atveryend-ltx 2020/08/19 v1.0a Emulation of the original atveryend pac
kage
with kernel methods
)
\HyAnn@Count=\count401
\Fld@listcount=\count402
\c@bookmark@seq@number=\count403

(/usr/local/texlive/2024/texmf-dist/tex/latex/rerunfilecheck/rerunfilecheck.sty
Package: rerunfilecheck 2022-07-10 v1.10 Rerun checks for auxiliary files (HO)

(/usr/local/texlive/2024/texmf-dist/tex/generic/uniquecounter/uniquecounter.sty
Package: uniquecounter 2019/12/15 v1.4 Provide unlimited unique counter (HO)
)
Package uniquecounter Info: New unique counter `rerunfilecheck' on input line 2
85.
)
\Hy@SectionHShift=\skip158
)
Package hyperref Info: Option `colorlinks' set `false' on input line 329.
Package hyperref Info: Option `breaklinks' set `true' on input line 329.
Package hyperref Info: Option `bookmarksopen' set `false' on input line 329.
)
\glswrite=\write4
\glo@main@file=\write5
\openout5 = `ApunteArquitecturaSistemas2025.glo'.

Package glossaries Info: Writing glossary file ApunteArquitecturaSistemas2025.g
lo on input line 75.


! LaTeX Error: Command \remark already defined.
               Or name \end... illegal, see p.192 of the manual.

See the LaTeX manual or LaTeX Companion for explanation.
Type  H <return>  for immediate help.
 ...                                              
                                                  
l.156 ...e\baselineskip -1pt}{\end{list}\vskip5pt}
                                                   % Tighter line spacing an...

? 
(./ApunteArquitecturaSistemas2025.aux
LaTeX Info: Redefining \. on input line 18.
LaTeX Info: Redefining \% on input line 18.
)
\openout1 = `ApunteArquitecturaSistemas2025.aux'.

LaTeX Font Info:    Checking defaults for OML/cmm/m/it on input line 159.
LaTeX Font Info:    ... okay on input line 159.
LaTeX Font Info:    Checking defaults for OMS/cmsy/m/n on input line 159.
LaTeX Font Info:    ... okay on input line 159.
LaTeX Font Info:    Checking defaults for OT1/cmr/m/n on input line 159.
LaTeX Font Info:    ... okay on input line 159.
LaTeX Font Info:    Checking defaults for T1/cmr/m/n on input line 159.
LaTeX Font Info:    ... okay on input line 159.
LaTeX Font Info:    Checking defaults for TS1/cmr/m/n on input line 159.
LaTeX Font Info:    ... okay on input line 159.
LaTeX Font Info:    Checking defaults for OMX/cmex/m/n on input line 159.
LaTeX Font Info:    ... okay on input line 159.
LaTeX Font Info:    Checking defaults for U/cmr/m/n on input line 159.
LaTeX Font Info:    ... okay on input line 159.
LaTeX Font Info:    Checking defaults for PD1/pdf/m/n on input line 159.
LaTeX Font Info:    ... okay on input line 159.
LaTeX Font Info:    Checking defaults for PU/pdf/m/n on input line 159.
LaTeX Font Info:    ... okay on input line 159.

(/usr/local/texlive/2024/texmf-dist/tex/context/base/mkii/supp-pdf.mkii
[Loading MPS to PDF converter (version 2006.09.02).]
\scratchcounter=\count404
\scratchdimen=\dimen325
\scratchbox=\box98
\nofMPsegments=\count405
\nofMParguments=\count406
\everyMPshowfont=\toks69
\MPscratchCnt=\count407
\MPscratchDim=\dimen326
\MPnumerator=\count408
\makeMPintoPDFobject=\count409
\everyMPtoPDFconversion=\toks70
) (/usr/local/texlive/2024/texmf-dist/tex/latex/epstopdf-pkg/epstopdf-base.sty
Package: epstopdf-base 2020-01-24 v2.11 Base part for package epstopdf
Package epstopdf-base Info: Redefining graphics rule for `.eps' on input line 4
85.

(/usr/local/texlive/2024/texmf-dist/tex/latex/latexconfig/epstopdf-sys.cfg
File: epstopdf-sys.cfg 2010/07/13 v1.3 Configuration of (r)epstopdf for TeX Liv
e
))
Package caption Info: Begin \AtBeginDocument code.
Package caption Info: float package is loaded.
Package caption Info: hyperref package is loaded.
Package caption Info: listings package is loaded.
Package caption Info: longtable package is loaded.

(/usr/local/texlive/2024/texmf-dist/tex/latex/caption/ltcaption.sty
Package: ltcaption 2021/01/08 v1.4c longtable captions (AR)
)
Package caption Info: rotating package is loaded.
Package caption Info: supertabular package is loaded.
Package caption Info: End \AtBeginDocument code.
LaTeX Info: Redefining \. on input line 159.
LaTeX Info: Redefining \% on input line 159.
\c@lstlisting=\count410

*geometry* driver: auto-detecting
*geometry* detected driver: pdftex
*geometry* verbose mode - [ preamble ] result:
* driver: pdftex
* paper: letterpaper
* layout: <same size as paper>
* layoutoffset:(h,v)=(0.0pt,0.0pt)
* modes: twoside 
* h-part:(L,W,R)=(91.04872pt, 432.19756pt, 91.04872pt)
* v-part:(T,H,B)=(85.35826pt, 624.25346pt, 85.35826pt)
* \paperwidth=614.295pt
* \paperheight=794.96999pt
* \textwidth=432.19756pt
* \textheight=624.25346pt
* \oddsidemargin=18.77873pt
* \evensidemargin=18.77873pt
* \topmargin=-8.91173pt
* \headheight=14.5pt
* \headsep=10.0pt
* \topskip=11.0pt
* \footskip=27.46295pt
* \marginparwidth=116.0pt
* \marginparsep=7.0pt
* \columnsep=10.0pt
* \skip\footins=10.0pt plus 4.0pt minus 2.0pt
* \hoffset=0.0pt
* \voffset=0.0pt
* \mag=1000
* \@twocolumnfalse
* \@twosidetrue
* \@mparswitchtrue
* \@reversemarginfalse
* (1in=72.27pt=25.4mm, 1cm=28.453pt)

LaTeX Info: Redefining \microtypecontext on input line 159.
Package microtype Info: Applying patch `item' on input line 159.
Package microtype Info: Applying patch `toc' on input line 159.
Package microtype Info: Applying patch `eqnum' on input line 159.
Package microtype Info: Applying patch `footnote' on input line 159.
Package microtype Info: Applying patch `verbatim' on input line 159.
Package microtype Info: Generating PDF output.
Package microtype Info: Character protrusion enabled (level 2).
Package microtype Info: Using default protrusion set `alltext'.
Package microtype Info: Automatic font expansion enabled (level 2),
(microtype)             stretch: 20, shrink: 20, step: 1, non-selected.
Package microtype Info: Using default expansion set `alltext-nott'.
LaTeX Info: Redefining \showhyphens on input line 159.
Package microtype Info: No adjustment of tracking.
Package microtype Info: No adjustment of interword spacing.
Package microtype Info: No adjustment of character kerning.
(/usr/local/texlive/2024/texmf-dist/tex/latex/microtype/mt-ptm.cfg
File: mt-ptm.cfg 2006/04/20 v1.7 microtype config. file: Times (RS)
)
Package hyperref Info: Link coloring OFF on input line 159.

(./ApunteArquitecturaSistemas2025.out) (./ApunteArquitecturaSistemas2025.out)
\@outlinefile=\write6
\openout6 = `ApunteArquitecturaSistemas2025.out'.

LaTeX Font Info:    Trying to load font information for T1+pag on input line 17
3.

(/usr/local/texlive/2024/texmf-dist/tex/latex/psnfss/t1pag.fd
File: t1pag.fd 2001/06/04 font definitions for T1/pag.
)
Package microtype Info: Loading generic protrusion settings for font family
(microtype)             `pag' (encoding: T1).
(microtype)             For optimal results, create family-specific settings.
(microtype)             See the microtype manual for details.
LaTeX Font Info:    Font shape `T1/pag/b/n' in size <35> not available
(Font)              Font shape `T1/pag/db/n' tried instead on input line 177.
LaTeX Font Info:    Font shape `T1/pag/b/n' in size <17.28> not available
(Font)              Font shape `T1/pag/db/n' tried instead on input line 185.

! Undefined control sequence.
<argument> \author \\ \id 
                          
l.185 ...GE  \color{white} \textbf{\author \\ \id}
                                                   % Modify the name of the ...

? 
<Pictures/co-construccion.png, id=320, 722.7pt x 542.025pt>
File: Pictures/co-construccion.png Graphic file (type png)
<use Pictures/co-construccion.png>
Package pdftex.def Info: Pictures/co-construccion.png  used on input line 197.
(pdftex.def)             Requested size: 1084.04733pt x 813.03549pt.
[1

\openout4 = `ApunteArquitecturaSistemas2025.ist'.

{/usr/local/texlive/2024/texmf-var/fonts/map/pdftex/updmap/pdftex.map}{/usr/loc
al/texlive/2024/texmf-dist/fonts/enc/dvips/base/8r.enc} <./Pictures/co-construc
cion.png>]
Underfull \hbox (badness 10000) in paragraph at lines 205--206

 []

[2]
<Pictures/diferente2.png, id=336, 813.0375pt x 445.665pt>
File: Pictures/diferente2.png Graphic file (type png)
<use Pictures/diferente2.png>
Package pdftex.def Info: Pictures/diferente2.png  used on input line 225.
(pdftex.def)             Requested size: 614.295pt x 336.73683pt.
LaTeX Font Info:    Font shape `T1/pag/b/n' in size <20.74> not available
(Font)              Font shape `T1/pag/db/n' tried instead on input line 225.
 (./ApunteArquitecturaSistemas2025.toc
LaTeX Info: Redefining \. on input line 1.
LaTeX Info: Redefining \% on input line 1.
LaTeX Font Info:    Font shape `T1/pag/b/n' in size <12> not available
(Font)              Font shape `T1/pag/db/n' tried instead on input line 2.
LaTeX Font Info:    Font shape `T1/pag/b/n' in size <14.4> not available
(Font)              Font shape `T1/pag/db/n' tried instead on input line 2.
LaTeX Font Info:    Font shape `T1/pag/b/n' in size <10.95> not available
(Font)              Font shape `T1/pag/db/n' tried instead on input line 2.

Underfull \vbox (badness 2401) has occurred while \output is active []

 [3

 <./Pictures/diferente2.png>] [4])
\tf@toc=\write7
\openout7 = `ApunteArquitecturaSistemas2025.toc'.


No file ApunteArquitecturaSistemas2025.gls.
(./caps/00-RepasoCursosAnteriores.tex [5] [6

]
Cap\'{\i }tulo 1.
\c@ttl@toc@default=\count411
<Pictures/../Pictures/iot.png, id=495, 722.7pt x 542.025pt>
File: Pictures/../Pictures/iot.png Graphic file (type png)
<use Pictures/../Pictures/iot.png>
Package pdftex.def Info: Pictures/../Pictures/iot.png  used on input line 3.
(pdftex.def)             Requested size: 614.295pt x 460.72342pt.
LaTeX Font Info:    Trying to load font information for OT1+ztmcm on input line
 15.
(/usr/local/texlive/2024/texmf-dist/tex/latex/psnfss/ot1ztmcm.fd
File: ot1ztmcm.fd 2000/01/03 Fontinst v1.801 font definitions for OT1/ztmcm.
)
Package microtype Info: Loading generic protrusion settings for font family
(microtype)             `ztmcm' (encoding: OT1).
(microtype)             For optimal results, create family-specific settings.
(microtype)             See the microtype manual for details.
LaTeX Font Info:    Trying to load font information for OML+ztmcm on input line
 15.

(/usr/local/texlive/2024/texmf-dist/tex/latex/psnfss/omlztmcm.fd
File: omlztmcm.fd 2000/01/03 Fontinst v1.801 font definitions for OML/ztmcm.
)
LaTeX Font Info:    Trying to load font information for OMS+ztmcm on input line
 15.

(/usr/local/texlive/2024/texmf-dist/tex/latex/psnfss/omsztmcm.fd
File: omsztmcm.fd 2000/01/03 Fontinst v1.801 font definitions for OMS/ztmcm.
)
LaTeX Font Info:    Trying to load font information for OMX+ztmcm on input line
 15.

(/usr/local/texlive/2024/texmf-dist/tex/latex/psnfss/omxztmcm.fd
File: omxztmcm.fd 2000/01/03 Fontinst v1.801 font definitions for OMX/ztmcm.
)
LaTeX Font Info:    Trying to load font information for OT1+ptm on input line 1
5.

(/usr/local/texlive/2024/texmf-dist/tex/latex/psnfss/ot1ptm.fd
File: ot1ptm.fd 2001/06/04 font definitions for OT1/ptm.
)
LaTeX Font Info:    Font shape `OT1/ptm/bx/n' in size <10.95> not available
(Font)              Font shape `OT1/ptm/b/n' tried instead on input line 15.
LaTeX Font Info:    Font shape `OT1/ptm/bx/n' in size <8> not available
(Font)              Font shape `OT1/ptm/b/n' tried instead on input line 15.
LaTeX Font Info:    Font shape `OT1/ptm/bx/n' in size <6> not available
(Font)              Font shape `OT1/ptm/b/n' tried instead on input line 15.

(/usr/local/texlive/2024/texmf-dist/tex/latex/microtype/mt-msa.cfg
File: mt-msa.cfg 2006/02/04 v1.1 microtype config. file: AMS symbols (a) (RS)
)
(/usr/local/texlive/2024/texmf-dist/tex/latex/microtype/mt-msb.cfg
File: mt-msb.cfg 2005/06/01 v1.0 microtype config. file: AMS symbols (b) (RS)
) [7 <./Pictures/../Pictures/iot.png>]
<Pictures/pompi.jpg, id=502, 148.66971pt x 99.52611pt>
File: Pictures/pompi.jpg Graphic file (type jpg)
<use Pictures/pompi.jpg>
Package pdftex.def Info: Pictures/pompi.jpg  used on input line 34.
(pdftex.def)             Requested size: 446.00798pt x 298.57759pt.

Overfull \hbox (13.81042pt too wide) in paragraph at lines 34--35
 [][] 
 []

LaTeX Font Info:    Font shape `T1/pag/b/n' in size <10> not available
(Font)              Font shape `T1/pag/db/n' tried instead on input line 40.
LaTeX Info: Redefining \. on input line 45.
LaTeX Info: Redefining \% on input line 45.
[8 <./Pictures/pompi.jpg>]
LaTeX Font Info:    Trying to load font information for T1+cmtt on input line 6
0.

(/usr/local/texlive/2024/texmf-dist/tex/latex/base/t1cmtt.fd
File: t1cmtt.fd 2023/04/13 v2.5m Standard LaTeX font definitions
)
Package microtype Info: Loading generic protrusion settings for font family
(microtype)             `cmtt' (encoding: T1).
(microtype)             For optimal results, create family-specific settings.
(microtype)             See the microtype manual for details.
<Pictures/pp_analisis.png, id=512, 562.1pt x 779.91376pt>
File: Pictures/pp_analisis.png Graphic file (type png)
<use Pictures/pp_analisis.png>
Package pdftex.def Info: Pictures/pp_analisis.png  used on input line 84.
(pdftex.def)             Requested size: 281.04932pt x 389.95593pt.


LaTeX Warning: `!h' float specifier changed to `!ht'.


Underfull \vbox (badness 10000) has occurred while \output is active []

LaTeX Info: Redefining \. on input line 113.
LaTeX Info: Redefining \% on input line 113.
 [9{/usr/local/texlive/2024/texmf-dist/fonts/enc/dvips/cm-super/cm-super-t1.enc
}]
Overfull \vbox (104.95598pt too high) has occurred while \output is active []

LaTeX Info: Redefining \. on input line 113.
LaTeX Info: Redefining \% on input line 113.

[10 <./Pictures/pp_analisis.png (PNG copy)>]
<Pictures/dominio.png, id=534, 284.06125pt x 465.74pt>
File: Pictures/dominio.png Graphic file (type png)
<use Pictures/dominio.png>
Package pdftex.def Info: Pictures/dominio.png  used on input line 116.
(pdftex.def)             Requested size: 142.03026pt x 232.86943pt.
<Pictures/estados.png, id=535, 328.22626pt x 343.2825pt>
File: Pictures/estados.png Graphic file (type png)
<use Pictures/estados.png>
Package pdftex.def Info: Pictures/estados.png  used on input line 138.
(pdftex.def)             Requested size: 164.11272pt x 171.64082pt.


LaTeX Warning: `!h' float specifier changed to `!ht'.

LaTeX Info: Redefining \. on input line 162.
LaTeX Info: Redefining \% on input line 162.
[11 <./Pictures/dominio.png>]
Overfull \hbox (20.18182pt too wide) in paragraph at lines 162--163
[]\T1/ptm/m/n/10.95 (-20) Clonar el re-po-si-to-rio uti-li-zan-do VS-Co-de o el
 ter-mi-nal con: \T1/cmtt/m/n/10.95 git clone <URL del repositorio>\T1/ptm/m/n/
10.95 (-20) . 
 []

LaTeX Info: Redefining \. on input line 199.
LaTeX Info: Redefining \% on input line 199.
[12 <./Pictures/estados.png>]
Overfull \hbox (13.89696pt too wide) in paragraph at lines 209--209
 []    \T1/cmtt/m/n/10.95 git commit -m "Aadir cdigo de pruebas del sistema d
e puerta perruna"[] 
 []

) (./caps/01introduccion.tex
LaTeX Info: Redefining \. on input line 2.
LaTeX Info: Redefining \% on input line 2.
 [13] [14

]
Cap\'{\i }tulo 2.
<Pictures/darwin.png, id=581, 627.34375pt x 354.32375pt>
File: Pictures/darwin.png Graphic file (type png)
<use Pictures/darwin.png>
Package pdftex.def Info: Pictures/darwin.png  used on input line 2.
(pdftex.def)             Requested size: 614.295pt x 346.96997pt.
[15 <./Pictures/darwin.png>]
Overfull \hbox (2.24179pt too wide) in paragraph at lines 17--18
[]\T1/ptm/m/n/10.95 (-20) La ar-qui-tec-tu-ra de sis-te-mas mo-der-na de-be con
-si-de-rar as-pec-tos que van ms all de la fun-cio-na-li-dad
 []

LaTeX Info: Redefining \. on input line 30.
LaTeX Info: Redefining \% on input line 30.
[16]
LaTeX Info: Redefining \. on input line 62.
LaTeX Info: Redefining \% on input line 62.
 [17]
<Pictures/elarquitecto.png, id=595, 250.9375pt x 202.7575pt>
File: Pictures/elarquitecto.png Graphic file (type png)
<use Pictures/elarquitecto.png>
Package pdftex.def Info: Pictures/elarquitecto.png  used on input line 73.
(pdftex.def)             Requested size: 250.93687pt x 202.757pt.
LaTeX Info: Redefining \. on input line 85.
LaTeX Info: Redefining \% on input line 85.
 [18 <./Pictures/elarquitecto.png>]
LaTeX Info: Redefining \. on input line 101.
LaTeX Info: Redefining \% on input line 101.
 [19]
LaTeX Info: Redefining \. on input line 120.
LaTeX Info: Redefining \% on input line 120.
 [20]) (./caps/02EA.tex
LaTeX Info: Redefining \. on input line 4.
LaTeX Info: Redefining \% on input line 4.

[21] [22

]
Cap\'{\i }tulo 3.
<Pictures/map.png, id=618, 468.75125pt x 231.86626pt>
File: Pictures/map.png Graphic file (type png)
<use Pictures/map.png>
Package pdftex.def Info: Pictures/map.png  used on input line 4.
(pdftex.def)             Requested size: 614.295pt x 303.85667pt.

Underfull \vbox (badness 4779) has occurred while \output is active []

 [23 <./Pictures/map.png>]
Overfull \hbox (18.34726pt too wide) in paragraph at lines 88--90
[]\T1/ptm/m/n/10.95 (-20) Manual ar-chi []$\T1/cmtt/m/n/10.95 https : / / www .
 archimatetool . com / downloads / archi / Archi % 20User % 20Guide .
 []


Underfull \hbox (badness 10000) in paragraph at lines 88--90

 []

LaTeX Info: Redefining \. on input line 94.
LaTeX Info: Redefining \% on input line 94.
[24]
<Pictures/addstake.png, id=631, 847.165pt x 468.75125pt>
File: Pictures/addstake.png Graphic file (type png)
<use Pictures/addstake.png>
Package pdftex.def Info: Pictures/addstake.png  used on input line 115.
(pdftex.def)             Requested size: 296.51219pt x 164.06538pt.
<Pictures/jeraquiadrivers.png, id=632, 841.1425pt x 375.4025pt>
File: Pictures/jeraquiadrivers.png Graphic file (type png)
<use Pictures/jeraquiadrivers.png>
Package pdftex.def Info: Pictures/jeraquiadrivers.png  used on input line 129.
(pdftex.def)             Requested size: 294.40428pt x 131.39284pt.


LaTeX Warning: `h' float specifier changed to `ht'.


Underfull \vbox (badness 5161) has occurred while \output is active []

LaTeX Info: Redefining \. on input line 142.
LaTeX Info: Redefining \% on input line 142.
 [25 <./Pictures/addstake.png>]
<Pictures/togaf.jpg, id=643, 792.9625pt x 624.3325pt>
File: Pictures/togaf.jpg Graphic file (type jpg)
<use Pictures/togaf.jpg>
Package pdftex.def Info: Pictures/togaf.jpg  used on input line 147.
(pdftex.def)             Requested size: 475.78116pt x 374.60239pt.

Overfull \hbox (43.5836pt too wide) in paragraph at lines 147--148
 [][] 
 []


LaTeX Warning: `h' float specifier changed to `ht'.

LaTeX Info: Redefining \. on input line 182.
LaTeX Info: Redefining \% on input line 182.
[26 <./Pictures/jeraquiadrivers.png>]
LaTeX Info: Redefining \. on input line 203.
LaTeX Info: Redefining \% on input line 203.
 [27 <./Pictures/togaf.jpg>]
Overfull \hbox (10.64563pt too wide) in paragraph at lines 206--207
[]\T1/ptm/b/n/10.95 (-20) Fase D: \T1/ptm/m/n/10.95 (-20) Ar-qui-tec-tu-ra Tec-
no-l-gi-ca. De-fi-ne la in-fra-es-truc-tu-ra ne-ce-sa-ria pa-ra so-por-tar la 
ar-qui-tec-tu-ra
 []


Overfull \hbox (1.04922pt too wide) in paragraph at lines 209--210
[]\T1/ptm/b/n/10.95 (-20) Fase G: \T1/ptm/m/n/10.95 (-20) Go-bierno de Im-ple-m
en-ta-cin. Su-per-vi-sa la im-ple-men-ta-cin pa-ra ase-gu-rar con-for-mi-dad.
 
 []

LaTeX Font Info:    Trying to load font information for TS1+ptm on input line 2
17.
(/usr/local/texlive/2024/texmf-dist/tex/latex/psnfss/ts1ptm.fd
File: ts1ptm.fd 2001/06/04 font definitions for TS1/ptm.
)
Overfull \hbox (1.74937pt too wide) in paragraph at lines 223--225
[]\T1/ptm/b/n/10.95 (-20) Artefactos: \T1/ptm/m/n/10.95 (-20) Son los pro-duc-t
os de tra-ba-jo es-pe-c-fi-cos que des-cri-ben un as-pec-to de la ar-qui-tec-t
u-ra: 
 []

LaTeX Info: Redefining \. on input line 259.
LaTeX Info: Redefining \% on input line 259.
[28]
LaTeX Info: Redefining \. on input line 330.
LaTeX Info: Redefining \% on input line 330.
 [29]
<Pictures/ADM.png, id=674, 847.165pt x 527.9725pt>
File: Pictures/ADM.png Graphic file (type png)
<use Pictures/ADM.png>
Package pdftex.def Info: Pictures/ADM.png  used on input line 353.
(pdftex.def)             Requested size: 508.30292pt x 316.78593pt.

Overfull \hbox (76.10536pt too wide) in paragraph at lines 353--354
 [][] 
 []


Overfull \hbox (0.74042pt too wide) in paragraph at lines 366--367
[]\T1/ptm/m/n/10.95 (-20) Manual Ar-chi: []$\T1/cmtt/m/n/10.95 https : / / www 
. archimatetool . com / downloads / Archi % 20User % 20Guide .
 []


Overfull \hbox (21.9708pt too wide) in paragraph at lines 367--368
[]\T1/ptm/m/n/10.95 (-20) Especificacin Ar-chi-Ma-te: []$\T1/cmtt/m/n/10.95 ht
tps : / / pubs . opengroup . org / architecture / archimate3-[]doc /
 []

LaTeX Info: Redefining \. on input line 368.
LaTeX Info: Redefining \% on input line 368.
[30 <./Pictures/ADM.png>]) (./caps/03_AS.tex
LaTeX Info: Redefining \. on input line 3.
LaTeX Info: Redefining \% on input line 3.
 [31] [32

]
Cap\'{\i }tulo 4.
File: Pictures/map.png Graphic file (type png)
<use Pictures/map.png>
Package pdftex.def Info: Pictures/map.png  used on input line 3.
(pdftex.def)             Requested size: 614.295pt x 303.85667pt.
[33]
Overfull \hbox (0.28899pt too wide) in paragraph at lines 35--36
\T1/ptm/m/n/10.95 (-20) es-ta-ble-ci-das du-ran-te un pe-ro-do de tiem-po. In-
clu-ye ma-du-rez, to-le-ran-cia a fa-llos, re-cu-pe-ra-bi-li-dad
 []

<Pictures/mccall.png, id=700, 1252.68pt x 1067.99pt>
File: Pictures/mccall.png Graphic file (type png)
<use Pictures/mccall.png>
Package pdftex.def Info: Pictures/mccall.png  used on input line 47.
(pdftex.def)             Requested size: 345.75935pt x 294.78186pt.

Underfull \vbox (badness 10000) has occurred while \output is active []

LaTeX Info: Redefining \. on input line 51.
LaTeX Info: Redefining \% on input line 51.
 [34]
Overfull \hbox (18.76685pt too wide) in paragraph at lines 79--80
[]\T1/ptm/m/n/10.95 (-20) Esta sec-cin des-cri-be los con-cep-tos de di-se-o 
y c-mo se re-la-cio-nan con los im-pul-so-res ar-qui-tec-t-ni-cos,
 []

LaTeX Info: Redefining \. on input line 85.
LaTeX Info: Redefining \% on input line 85.
[35 <./Pictures/mccall.png>]
Overfull \hbox (3.10039pt too wide) in paragraph at lines 85--86
[]\T1/ptm/b/n/10.95 (-20) Restricciones\T1/ptm/m/n/10.95 (-20) : Enu-me-rar las
 li-mi-ta-cio-nes que afec-tan el di-se-o, co-mo res-tric-cio-nes tec-no-l-gi
-cas
 []

LaTeX Info: Redefining \. on input line 129.
LaTeX Info: Redefining \% on input line 129.
[36]
Overfull \hbox (6.83649pt too wide) in paragraph at lines 129--130
[]\T1/ptm/m/it/10.95 (-20) Descripcin: \T1/ptm/m/n/10.95 (-20) Crear ins-tan-c
ias de los ele-men-tos ar-qui-tec-t-ni-cos y de-fi-nir c-mo in-ter-ac-tua-rn

 []


Overfull \hbox (4.05728pt too wide) in paragraph at lines 145--146
\T1/ptm/m/n/10.95 (-20) pa-ra ase-gu-rar que el m-du-lo de pa-go cum-ple con l
os es-tn-da-res de se-gu-ri-dad y ren-di-mien-to. 
 []

LaTeX Info: Redefining \. on input line 173.
LaTeX Info: Redefining \% on input line 173.
[37]
Overfull \hbox (19.16304pt too wide) in paragraph at lines 196--197
[]\T1/ptm/b/n/10.95 (-20) Mtrica y Va-lo-res Es-pe-ra-dos: \T1/ptm/m/n/10.95 (
-20) Ac-tua-li-za-cio-nes sin in-te-rrup-cio-nes, tiem-po de im-ple-men-ta-cin

 []


Overfull \hbox (4.58224pt too wide) in paragraph at lines 201--202
[]\T1/ptm/m/n/10.95 (-20) RF1: El sis-te-ma per-mi-ti-r la pro-gra-ma-cin de 
ci-tas m-di-cas por par-te del per-so-nal ad-mi-nis-tra-ti-vo. 
 []

LaTeX Info: Redefining \. on input line 228.
LaTeX Info: Redefining \% on input line 228.
[38]
Overfull \hbox (4.23904pt too wide) in paragraph at lines 256--257
[]\T1/ptm/m/it/10.95 (-20) Objetivo: \T1/ptm/m/n/10.95 (-20) Do-cu-men-tar la a
r-qui-tec-tu-ra, iden-ti-fi-can-do com-po-nen-tes cla-ve y sus in-ter-ac-cio-ne
s. 
 []

<Pictures/diagramadespliegue.png, id=732, 1154.3125pt x 377.41pt>
File: Pictures/diagramadespliegue.png Graphic file (type png)
<use Pictures/diagramadespliegue.png>
Package pdftex.def Info: Pictures/diagramadespliegue.png  used on input line 28
1.
(pdftex.def)             Requested size: 432.19756pt x 141.30956pt.

Overfull \hbox (75.01523pt too wide) in paragraph at lines 289--320
 [][] 
 []


LaTeX Warning: `h' float specifier changed to `ht'.

LaTeX Info: Redefining \. on input line 325.
LaTeX Info: Redefining \% on input line 325.
[39 <./Pictures/diagramadespliegue.png (PNG copy)>]
<Pictures/diagramasecuencia.png, id=740, 1406.25375pt x 707.64375pt>
File: Pictures/diagramasecuencia.png Graphic file (type png)
<use Pictures/diagramasecuencia.png>
Package pdftex.def Info: Pictures/diagramasecuencia.png  used on input line 348
.
(pdftex.def)             Requested size: 432.19756pt x 217.47769pt.
LaTeX Info: Redefining \. on input line 370.
LaTeX Info: Redefining \% on input line 370.
 [40 <./Pictures/diagramasecuencia.png (PNG copy)>]
Overfull \hbox (13.53569pt too wide) in paragraph at lines 375--376
\T1/ptm/m/n/10.95 (-20) in-fra-es-truc-tu-ra exis-ten-te, in-te-gran-do ser-vi-
cios gu-ber-na-men-ta-les pa-ra la fi-cha m-di-ca. Se ha im-ple-men-ta-do
 []

<Pictures/diagramadespliegue2.png, id=748, 1198.4775pt x 492.84125pt>
File: Pictures/diagramadespliegue2.png Graphic file (type png)
<use Pictures/diagramadespliegue2.png>
Package pdftex.def Info: Pictures/diagramadespliegue2.png  used on input line 3
81.
(pdftex.def)             Requested size: 432.19756pt x 177.72351pt.
<Pictures/diagramasecuencia2.png, id=749, 1998.46625pt x 825.0825pt>
File: Pictures/diagramasecuencia2.png Graphic file (type png)
<use Pictures/diagramasecuencia2.png>
Package pdftex.def Info: Pictures/diagramasecuencia2.png  used on input line 39
0.
(pdftex.def)             Requested size: 432.19756pt x 178.43422pt.

LaTeX Warning: `h' float specifier changed to `ht'.

LaTeX Info: Redefining \. on input line 404.
LaTeX Info: Redefining \% on input line 404.
[41 <./Pictures/diagramadespliegue2.png (PNG copy)>]
Overfull \hbox (0.56793pt too wide) in paragraph at lines 414--416
[]\T1/ptm/b/n/10.95 (-20) 5. Au-ten-ti-ca-cin y Au-to-ri-za-cin: \T1/ptm/m/n/
10.95 (-20) No se ha dis-cu-ti-do en de-ta-lle c-mo se ma-ne-ja-r la au-ten-t
i-ca-cin
 []

LaTeX Info: Redefining \. on input line 441.
LaTeX Info: Redefining \% on input line 441.
[42 <./Pictures/diagramasecuencia2.png (PNG copy)>]
LaTeX Info: Redefining \. on input line 520.
LaTeX Info: Redefining \% on input line 520.
 [43]
Overfull \hbox (19.17165pt too wide) in paragraph at lines 576--577
[]\T1/ptm/b/n/10.95 (-20) Contenedor\T1/ptm/m/n/10.95 (-20) : Re-pre-sen-ta una
 apli-ca-cin o un al-ma-cn de da-tos que ne-ce-si-ta es-tar en fun-cio-na-mie
n-to
 []

LaTeX Info: Redefining \. on input line 587.
LaTeX Info: Redefining \% on input line 587.
[44]
Overfull \hbox (3.12239pt too wide) in paragraph at lines 603--604
[]\T1/ptm/b/n/10.95 (-20) Descripcin\T1/ptm/m/n/10.95 (-20) : Es-te dia-gra-ma
 pro-por-cio-na una vi-sin ge-ne-ral del sis-te-ma hos-pi-ta-la-rio, des-ta-ca
n-do
 []


Overfull \hbox (110.08926pt too wide) in paragraph at lines 620--620
 []    \T1/cmtt/m/n/10.95 [Sistema Hospitalario] --> [Sistema de Informacin Ho
spitalaria] : Integracin de Datos[] 
 []

LaTeX Info: Redefining \. on input line 621.
LaTeX Info: Redefining \% on input line 621.
[45]
<Pictures/dart_context.png, id=778, 1091.07625pt x 1079.03125pt>
File: Pictures/dart_context.png Graphic file (type png)
<use Pictures/dart_context.png>
Package pdftex.def Info: Pictures/dart_context.png  used on input line 630.
(pdftex.def)             Requested size: 432.19756pt x 427.42284pt.
LaTeX Info: Redefining \. on input line 636.
LaTeX Info: Redefining \% on input line 636.
 [46 <./Pictures/dart_context.png>]
Overfull \hbox (0.15863pt too wide) in paragraph at lines 637--639
[]\T1/ptm/m/n/10.95 (-20) La im-ple-men-ta-cin uti-li-za tec-no-lo-ga WebRTC 
pa-ra la cap-tu-ra de im-ge-nes a tra-vs del na-ve-ga-dor,
 []


Overfull \hbox (31.60332pt too wide) in paragraph at lines 651--652
[]\T1/ptm/m/n/10.95 (-20) Una vez va-li-da-do el diag-ns-ti-co, se ac-tua-li-z
a la fi-cha del pa-cien-te a tra-vs del Ges-tor-Fi-cha-Me-di-caU-ni-ca 
 []


Overfull \hbox (5.15834pt too wide) in paragraph at lines 672--673
[]\T1/ptm/m/n/10.95 (-20) Identificar los con-te-ne-do-res prin-ci-pa-les den-t
ro del sis-te-ma hos-pi-ta-la-rio, co-mo la Apli-ca-cin
 []


Overfull \hbox (155.35623pt too wide) in paragraph at lines 678--678
 []    \T1/cmtt/m/n/10.95 !include https://raw.githubusercontent.com/plantuml-s
tdlib/C4-PlantUML/master/C4_Container.puml[] 
 []


Overfull \hbox (64.8223pt too wide) in paragraph at lines 684--684
 []    \T1/cmtt/m/n/10.95 Person(paciente, "Paciente", "Un paciente que realiza
 exmenes de retinopata")[] 
 []


Overfull \hbox (81.79741pt too wide) in paragraph at lines 685--685
 []    \T1/cmtt/m/n/10.95 Person(tecnico, "Tcnico en Telemedicina", "Supervisa
 la calidad de las capturas")[] 
 []


Overfull \hbox (19.55533pt too wide) in paragraph at lines 687--687
 []    \T1/cmtt/m/n/10.95 Person(admin, "Personal Administrativo", "Gestiona re
cursos y agendas")[] 
 []

LaTeX Info: Redefining \. on input line 688.
LaTeX Info: Redefining \% on input line 688.
[47]
Overfull \hbox (540.12546pt too wide) in paragraph at lines 690--690
 []        \T1/cmtt/m/n/10.95 Container(servidor_app, "Servidor de Aplicaciones
", "Node.js, npm", "Gestiona las solicitudes de los usuarios y coordina las int
eracciones con otros sistemas")[] 
 []


Overfull \hbox (551.4422pt too wide) in paragraph at lines 691--691
 []        \T1/cmtt/m/n/10.95 Container(spa, "Aplicacin de Pgina nica", "Jav
aScript, Angular", "Proporciona toda la funcionalidad de exmenes a los pacient
es a travs de su navegador web")[] 
 []


Overfull \hbox (200.6232pt too wide) in paragraph at lines 692--692
 []        \T1/cmtt/m/n/10.95 ContainerDb(base_datos_his, "Base de Datos HIS", 
"MySQL", "Almacena datos de pacientes y exmenes")[] 
 []


Overfull \hbox (393.00781pt too wide) in paragraph at lines 693--693
 []        \T1/cmtt/m/n/10.95 Container(backend_api, "API de Diagnstico", "Nod
e.js, Docker Container", "Proporciona funcionalidad de diagnstico a travs de 
API")[] 
 []


Overfull \hbox (53.50555pt too wide) in paragraph at lines 696--696
 []    \T1/cmtt/m/n/10.95 System_Ext(servicio_dart, "Servicio DART", "Anlisis 
de Imgenes en la Nube")[] 
 []


Overfull \hbox (64.8223pt too wide) in paragraph at lines 697--697
 []    \T1/cmtt/m/n/10.95 System_Ext(ficha_clinica_nacional, "Ficha Clnica Nac
ional", "Sistema Externo")[] 
 []


Overfull \hbox (98.77252pt too wide) in paragraph at lines 698--698
 []    \T1/cmtt/m/n/10.95 System_Ext(gestor_ficha_medica_unica, "Gestor Ficha M
dica nica", "Sistema Externo")[] 
 []


Overfull \hbox (200.6232pt too wide) in paragraph at lines 699--699
 []    \T1/cmtt/m/n/10.95 System_Ext(email_system, "Sistema de Correo Electrni
co", "Enva notificaciones con informes adjuntos")[] 
 []


Overfull \hbox (155.35623pt too wide) in paragraph at lines 700--700
 []    \T1/cmtt/m/n/10.95 System_Ext(firma_digital, "Servicio de Firma Digital"
, "Firma digital externa para documentos")[] 
 []


Overfull \hbox (70.48067pt too wide) in paragraph at lines 709--709
 []    \T1/cmtt/m/n/10.95 Rel_Back_Neighbor(base_datos_his, backend_api, "Lee y
 escribe en", "sync, JDBC")[] 
 []


Overfull \hbox (25.2137pt too wide) in paragraph at lines 711--711
 []    \T1/cmtt/m/n/10.95 Rel(backend_api, servicio_dart, "Enva imgenes para 
anlisis", "HTTPS")[] 
 []


Overfull \hbox (47.84718pt too wide) in paragraph at lines 712--712
 []    \T1/cmtt/m/n/10.95 Rel(backend_api, ficha_clinica_nacional, "Accede a da
tos clnicos", "HTTPS")[] 
 []


Overfull \hbox (59.16393pt too wide) in paragraph at lines 713--713
 []    \T1/cmtt/m/n/10.95 Rel(backend_api, gestor_ficha_medica_unica, "Actualiz
a ficha mdica", "HTTPS")[] 
 []


Overfull \hbox (93.11415pt too wide) in paragraph at lines 715--715
 []    \T1/cmtt/m/n/10.95 Rel(backend_api, email_system, "Enva notificaciones 
con informes adjuntos", "SMTP")[] 
 []

LaTeX Info: Redefining \. on input line 731.
LaTeX Info: Redefining \% on input line 731.
[48]
<Pictures/container_diagram.png, id=801, 1719.42375pt x 918.43124pt>
File: Pictures/container_diagram.png Graphic file (type png)
<use Pictures/container_diagram.png>
Package pdftex.def Info: Pictures/container_diagram.png  used on input line 737
.
(pdftex.def)             Requested size: 432.19756pt x 230.85449pt.

Overfull \hbox (127.98117pt too wide) in paragraph at lines 765--765
[]    \T1/cmtt/m/n/10.95 !include https://raw.githubusercontent.com/plantuml-st
dlib/C4-PlantUML/master/C4_Component.puml[] 
 []


Overfull \hbox (512.7504pt too wide) in paragraph at lines 771--771
[]    \T1/cmtt/m/n/10.95 Container(spa, "Aplicacin de Pgina nica", "JavaScri
pt y Angular", "Proporciona toda la funcionalidad de exmenes a los pacientes a
 travs de su navegador web.")[] 
 []


Overfull \hbox (156.27303pt too wide) in paragraph at lines 772--772
[]    \T1/cmtt/m/n/10.95 ContainerDb(base_datos_his, "Base de Datos HIS", "MySQ
L", "Almacena datos de pacientes y exmenes.")[] 
 []


Overfull \hbox (26.1305pt too wide) in paragraph at lines 773--773
[]    \T1/cmtt/m/n/10.95 System_Ext(servicio_dart, "Servicio DART", "Anlisis d
e Imgenes en la Nube")[] 
 []

LaTeX Info: Redefining \. on input line 774.
LaTeX Info: Redefining \% on input line 774.
[49 <./Pictures/container_diagram.png (PNG copy)>]
Overfull \hbox (212.85674pt too wide) in paragraph at lines 776--776
[]        \T1/cmtt/m/n/10.95 Component(auth, "Componente de Autenticacin", "No
de.js Module", "Gestiona la autenticacin de usuarios.")[] 
 []


Overfull \hbox (241.14859pt too wide) in paragraph at lines 777--777
[]        \T1/cmtt/m/n/10.95 Component(exam, "Controlador de Exmenes", "Node.j
s Module", "Gestiona la creacin y seguimiento de exmenes.")[] 
 []


Overfull \hbox (258.1237pt too wide) in paragraph at lines 778--778
[]        \T1/cmtt/m/n/10.95 Component(report, "Generador de Informes", "Node.j
s Module", "Genera informes de diagnstico para los pacientes.")[] 
 []


Overfull \hbox (258.1237pt too wide) in paragraph at lines 779--779
[]        \T1/cmtt/m/n/10.95 Component(integration, "Integracin con DART", "No
de.js Module", "Facilita la comunicacin con el servicio DART.")[] 
 []


Overfull \hbox (20.47212pt too wide) in paragraph at lines 784--784
[]        \T1/cmtt/m/n/10.95 Rel(integration, servicio_dart, "Enva imgenes pa
ra anlisis", "HTTPS")[] 
 []

! Undefined control sequence.
\enit@enditemize ->\enit@after 
                               \endlist \ifx \enit@series \relax \else \ifnu...
l.793 \end{itemize}
                   
? 
! Undefined control sequence.
\enit@enditemize ...x \else \ifnum \enit@resuming 
                                                  =\@ne \enit@setresumekeys ...
l.793 \end{itemize}
                   
? 
! Missing number, treated as zero.
<to be read again> 
                   =
l.793 \end{itemize}
                   
? 
! Undefined control sequence.
\enit@setresumekeys ...xpandafter {\enit@savekeys 
                                                  }\xdef \enit@afterlist {#2...
l.793 \end{itemize}
                   
? 
! Undefined control sequence.
\enit@setresumekeys ...it@toks }\ifnum \enit@type 
                                                  =\z@ #3\def \enit@noexcs {...
l.793 \end{itemize}
                   
? 
! Missing number, treated as zero.
<to be read again> 
                   =
l.793 \end{itemize}
                   
? 
! Undefined control sequence.
<argument> enit@resume@series@\enit@series 
                                           
l.793 \end{itemize}
                   
? 
! Undefined control sequence.
\enit@setresumekeys ...me@#1}{\csname c@\@listctr 
                                                  \endcsname \the \csname c@...
l.793 \end{itemize}
                   
? 
! Undefined control sequence.
\enit@setresumekeys ...e \the \csname c@\@listctr 
                                                  \endcsname }\fi }
l.793 \end{itemize}
                   
? 
! You can't use `\relax' after \the.
<recently read> \c@ 
                    
l.793 \end{itemize}
                   
? 
! Undefined control sequence.
\enit@enditemize ...ist \fi \ifnum \enit@resuming 
                                                  =\thr@@ \enit@setresumekey...
l.793 \end{itemize}
                   
? 
! Missing number, treated as zero.
<to be read again> 
                   =
l.793 \end{itemize}
                   
? 
! Undefined control sequence.
\enit@setresumekeys ...xpandafter {\enit@savekeys 
                                                  }\xdef \enit@afterlist {#2...
l.793 \end{itemize}
                   
? 
! Undefined control sequence.
\enit@setresumekeys ...it@toks }\ifnum \enit@type 
                                                  =\z@ #3\def \enit@noexcs {...
l.793 \end{itemize}
                   
? 
! Missing number, treated as zero.
<to be read again> 
                   =
l.793 \end{itemize}
                   
? 
! Undefined control sequence.
\enit@setresumekeys ...me@#1}{\csname c@\@listctr 
                                                  \endcsname \the \csname c@...
l.793 \end{itemize}
                   
? 
! Undefined control sequence.
\enit@setresumekeys ...e \the \csname c@\@listctr 
                                                  \endcsname }\fi }
l.793 \end{itemize}
                   
? 
! You can't use `\relax' after \the.
<recently read> \c@ 
                    
l.793 \end{itemize}
                   
? 

! LaTeX Error: \begin{document} ended by \end{itemize}.

See the LaTeX manual or LaTeX Companion for explanation.
Type  H <return>  for immediate help.
 ...                                              
                                                  
l.793 \end{itemize}
                   
? 
! Extra \endgroup.
<recently read> \endgroup 
                          
l.793 \end{itemize}
                   
? 
<Pictures/component_diagram.png, id=809, 958.58125pt x 885.3075pt>
File: Pictures/component_diagram.png Graphic file (type png)
<use Pictures/component_diagram.png>
Package pdftex.def Info: Pictures/component_diagram.png  used on input line 796
.
(pdftex.def)             Requested size: 432.19756pt x 399.15468pt.

LaTeX Warning: `h' float specifier changed to `ht'.

) (./caps/04-PatronesDiseo.tex
LaTeX Info: Redefining \. on input line 3.
LaTeX Info: Redefining \% on input line 3.
 [50]
LaTeX Info: Redefining \. on input line 3.
LaTeX Info: Redefining \% on input line 3.
 [51 <./Pictures/component_diagram.png (PNG copy)>]
LaTeX Info: Redefining \. on input line 3.
LaTeX Info: Redefining \% on input line 3.
 [52]
Cap\'{\i }tulo 5.
File: Pictures/../Pictures/iot.png Graphic file (type png)
<use Pictures/../Pictures/iot.png>
Package pdftex.def Info: Pictures/../Pictures/iot.png  used on input line 3.
(pdftex.def)             Requested size: 614.295pt x 460.72342pt.

Overfull \hbox (20.08386pt too wide) in paragraph at lines 9--10
[]\T1/ptm/m/n/10.95 (-20) El pro-yec-to "PuertaPerruna.[]t im-ple-men-ta-do co
-mo un sis-te-ma mo-du-lar que si-mu-la el fun-cio-na-mien-to
 []

[53

]
Overfull \hbox (24.36438pt too wide) in paragraph at lines 38--39
[]\T1/cmtt/m/n/10.95 _-iniciar_-cierre_-automatico()\T1/ptm/m/n/10.95 (-20) : I
ni-cia un hi-lo que cie-rra la puer-ta au-to-m-ti-ca-men-te
 []


Overfull \hbox (2.56421pt too wide) in paragraph at lines 47--48
[]\T1/ptm/b/n/10.95 (-20) RF2 y RF3: \T1/ptm/m/n/10.95 (-20) La aper-tu-ra y ci
e-rre de la puer-ta es-tn im-ple-men-ta-dos en la cla-se \T1/cmtt/m/n/10.95 Ac
tuadorPuerta\T1/ptm/m/n/10.95 (-20) . 
 []


Overfull \hbox (14.88268pt too wide) in paragraph at lines 68--69
[]\T1/ptm/b/n/10.95 (-20) S - Sin-gle Res-pon-si-bi-lity Prin-ci-ple (SRP): \T1
/ptm/m/n/10.95 (-20) Ca-da cla-se de-be te-ner una ni-ca res-pon-sa-bi-li-dad.

 []

LaTeX Info: Redefining \. on input line 70.
LaTeX Info: Redefining \% on input line 70.
[54]
Overfull \hbox (1.11124pt too wide) in paragraph at lines 90--91
\T1/ptm/m/n/10.95 (-20) per-mi-tien-do una me-jor or-ga-ni-za-cin del c-di-go
. En Puer-ta-Pe-rru-na, po-dra-mos apli-car MVC se-pa-ran-do
 []


Overfull \hbox (6.22588pt too wide) in paragraph at lines 94--95
[]\T1/ptm/m/n/10.95 (-20) El pa-trn Proxy ac-ta co-mo un in-ter-me-dia-rio pa
-ra con-tro-lar el ac-ce-so a un ob-je-to. En Puer-ta-Pe-rru-na,
 []

LaTeX Info: Redefining \. on input line 95.
LaTeX Info: Redefining \% on input line 95.
[55]
LaTeX Info: Redefining \. on input line 139.
LaTeX Info: Redefining \% on input line 139.
 [56])
! Too many }'s.
l.248 }
       
? 
No file ApunteArquitecturaSistemas2025.bbl.
\tf@ptc=\write8
\openout8 = `ApunteArquitecturaSistemas2025.ptc'.

LaTeX Info: Redefining \. on input line 265.
LaTeX Info: Redefining \% on input line 265.
[57] (./ApunteArquitecturaSistemas2025.aux
LaTeX Info: Redefining \. on input line 18.
LaTeX Info: Redefining \% on input line 18.
)
 ***********
LaTeX2e <2023-11-01> patch level 1
L3 programming layer <2024-02-20>
 ***********
Package rerunfilecheck Info: File `ApunteArquitecturaSistemas2025.out' has not 
changed.
(rerunfilecheck)             Checksum: 98807D2542EDE70C82A12E6FD8581C6E;15623.
 ) 
Here is how much of TeX's memory you used:
 43728 strings out of 474116
 855958 string characters out of 5743683
 1948187 words of memory out of 5000000
 64711 multiletter control sequences out of 15000+600000
 639121 words of font info for 334 fonts, out of 8000000 for 9000
 1141 hyphenation exceptions out of 8191
 117i,13n,131p,2463b,1226s stack positions out of 10000i,1000n,20000p,200000b,200000s
</usr/local/texlive/2024/texmf-dist/fonts/type1/public/amsfonts/cm/cmsy10.pfb
></usr/local/texlive/2024/texmf-dist/fonts/type1/public/cm-super/sftt1095.pfb><
/usr/local/texlive/2024/texmf-dist/fonts/type1/urw/avantgar/uagd8a.pfb></usr/lo
cal/texlive/2024/texmf-dist/fonts/type1/urw/avantgar/uagk8a.pfb></usr/local/tex
live/2024/texmf-dist/fonts/type1/urw/times/utmb8a.pfb></usr/local/texlive/2024/
texmf-dist/fonts/type1/urw/times/utmr8a.pfb></usr/local/texlive/2024/texmf-dist
/fonts/type1/urw/times/utmri8a.pfb>
Output written on ApunteArquitecturaSistemas2025.pdf (57 pages, 6403782 bytes).

PDF statistics:
 932 PDF objects out of 1000 (max. 8388607)
 724 compressed objects within 8 object streams
 218 named destinations out of 1000 (max. 500000)
 86835 words of extra memory for PDF output out of 89155 (max. 10000000)

